{"level":"info","message":"Coonected to Database","timestamp":"2025-02-09T18:53:59.070Z"}
{"level":"info","message":"Coonected to Database","timestamp":"2025-02-09T18:54:10.674Z"}
{"level":"info","message":"Coonected to Database","timestamp":"2025-02-09T18:54:51.769Z"}
{"level":"info","message":"Coonected to Database","timestamp":"2025-02-09T18:54:56.135Z"}
{"level":"info","message":"Coonected to Database","timestamp":"2025-02-09T18:56:44.729Z"}
{"level":"info","message":"Coonected to Database","timestamp":"2025-02-09T18:57:01.051Z"}
{"level":"info","message":"Coonected to Database","timestamp":"2025-02-09T18:57:14.783Z"}
{"level":"info","message":"Coonected to Database","timestamp":"2025-02-09T18:57:23.216Z"}
{"level":"info","message":"Coonected to Database","timestamp":"2025-02-09T18:57:33.908Z"}
{"level":"info","message":"Coonected to Database","timestamp":"2025-02-09T18:57:37.467Z"}
{"level":"info","message":"Coonected to Database","timestamp":"2025-02-09T18:57:45.394Z"}
{"level":"info","message":"Coonected to Database","timestamp":"2025-02-09T18:58:52.053Z"}
{"level":"info","message":"Coonected to Database","timestamp":"2025-02-09T19:00:05.254Z"}
{"level":"info","message":"Coonected to Database","timestamp":"2025-02-09T19:00:17.070Z"}
{"level":"info","message":"Coonected to Database","timestamp":"2025-02-09T19:00:20.766Z"}
{"level":"info","message":"Coonected to Database","timestamp":"2025-02-09T19:00:24.052Z"}
{"level":"info","message":"Coonected to Database","timestamp":"2025-02-09T19:00:28.371Z"}
{"level":"info","message":"Coonected to Database","timestamp":"2025-02-09T19:00:35.636Z"}
{"level":"info","message":"Coonected to Database","timestamp":"2025-02-09T19:00:39.924Z"}
{"level":"info","message":"Coonected to Database","timestamp":"2025-02-09T19:00:44.857Z"}
{"level":"info","message":"Coonected to Database","timestamp":"2025-02-09T19:00:49.975Z"}
{"level":"info","message":"Coonected to Database","timestamp":"2025-02-09T19:00:53.210Z"}
{"level":"info","message":"Coonected to Database","timestamp":"2025-02-09T19:01:04.782Z"}
{"level":"info","message":"Coonected to Database","timestamp":"2025-02-09T19:01:13.898Z"}
{"level":"info","message":"Coonected to Database","timestamp":"2025-02-09T19:01:27.129Z"}
{"level":"info","message":"Coonected to Database","timestamp":"2025-02-09T19:01:32.434Z"}
{"level":"info","message":"Coonected to Database","timestamp":"2025-02-09T19:01:47.107Z"}
{"level":"info","message":"Coonected to Database","timestamp":"2025-02-09T19:01:50.816Z"}
{"level":"info","message":"Coonected to Database","timestamp":"2025-02-09T19:02:33.326Z"}
{"level":"info","message":"Coonected to Database","timestamp":"2025-02-09T19:02:36.707Z"}
{"level":"info","message":"Coonected to Database","timestamp":"2025-02-09T19:02:39.733Z"}
{"level":"info","message":"Coonected to Database","timestamp":"2025-02-09T19:02:45.693Z"}
{"level":"info","message":"Coonected to Database","timestamp":"2025-02-09T19:03:46.490Z"}
{"level":"info","message":"Coonected to Database","timestamp":"2025-02-09T19:05:39.899Z"}
{"level":"info","message":"Coonected to Database","timestamp":"2025-02-09T19:05:46.121Z"}
{"level":"info","message":"Coonected to Database","timestamp":"2025-02-09T19:05:59.335Z"}
{"level":"info","message":"Coonected to Database","timestamp":"2025-02-09T19:06:02.601Z"}
{"level":"info","message":"Coonected to Database","timestamp":"2025-02-09T21:27:01.572Z"}
{"level":"info","message":"Coonected to Database","timestamp":"2025-02-09T21:27:29.670Z"}
{"level":"info","message":"Coonected to Database","timestamp":"2025-02-09T21:27:33.992Z"}
{"level":"info","message":"Coonected to Database","timestamp":"2025-02-09T21:27:44.179Z"}
{"level":"info","message":"Coonected to Database","timestamp":"2025-02-09T21:28:10.141Z"}
{"level":"info","message":"Coonected to Database","timestamp":"2025-02-09T21:28:13.680Z"}
{"level":"info","message":"Coonected to Database","timestamp":"2025-02-09T21:28:28.645Z"}
{"level":"info","message":"Coonected to Database","timestamp":"2025-02-09T21:28:33.171Z"}
{"level":"info","message":"Coonected to Database","timestamp":"2025-02-09T21:28:36.982Z"}
{"level":"info","message":"Coonected to Database","timestamp":"2025-02-09T21:28:46.025Z"}
{"level":"info","message":"Coonected to Database","timestamp":"2025-02-09T21:49:17.296Z"}
{"level":"info","message":"Coonected to Database","timestamp":"2025-02-09T21:49:36.956Z"}
{"level":"info","message":"Coonected to Database","timestamp":"2025-02-09T21:49:42.266Z"}
{"level":"info","message":"Coonected to Database","timestamp":"2025-02-09T21:50:38.144Z"}
{"level":"info","message":"Coonected to Database","timestamp":"2025-02-09T21:50:44.760Z"}
{"level":"info","message":"Coonected to Database","timestamp":"2025-02-09T21:50:48.756Z"}
{"level":"info","message":"Coonected to Database","timestamp":"2025-02-09T21:50:51.137Z"}
{"level":"info","message":"Coonected to Database","timestamp":"2025-02-09T21:50:58.157Z"}
{"level":"info","message":"Coonected to Database","timestamp":"2025-02-09T21:51:02.363Z"}
{"level":"info","message":"Coonected to Database","timestamp":"2025-02-09T21:51:06.489Z"}
{"level":"info","message":"Coonected to Database","timestamp":"2025-02-09T21:51:17.439Z"}
{"level":"info","message":"Coonected to Database","timestamp":"2025-02-09T21:52:27.262Z"}
{"level":"info","message":"Coonected to Database","timestamp":"2025-02-09T21:52:30.019Z"}
{"level":"info","message":"Coonected to Database","timestamp":"2025-02-09T21:52:35.066Z"}
{"level":"info","message":"Coonected to Database","timestamp":"2025-02-09T21:52:38.323Z"}
{"level":"info","message":"Coonected to Database","timestamp":"2025-02-09T21:52:41.564Z"}
{"level":"info","message":"Coonected to Database","timestamp":"2025-02-09T21:53:01.525Z"}
{"level":"info","message":"Coonected to Database","timestamp":"2025-02-09T21:53:08.574Z"}
{"level":"info","message":"Coonected to Database","timestamp":"2025-02-09T21:53:20.436Z"}
{"level":"info","message":"Coonected to Database","timestamp":"2025-02-09T21:53:30.393Z"}
{"level":"info","message":"Coonected to Database","timestamp":"2025-02-09T21:53:38.913Z"}
{"level":"info","message":"Coonected to Database","timestamp":"2025-02-09T21:53:50.744Z"}
{"level":"info","message":"Coonected to Database","timestamp":"2025-02-09T21:53:58.305Z"}
{"level":"info","message":"Coonected to Database","timestamp":"2025-02-09T21:54:00.901Z"}
{"level":"info","message":"Coonected to Database","timestamp":"2025-02-09T21:54:07.918Z"}
{"level":"info","message":"Coonected to Database","timestamp":"2025-02-09T21:54:11.058Z"}
{"level":"info","message":"Coonected to Database","timestamp":"2025-02-09T21:54:19.782Z"}
{"level":"info","message":"Coonected to Database","timestamp":"2025-02-09T21:54:26.760Z"}
{"level":"info","message":"Coonected to Database","timestamp":"2025-02-09T21:55:08.918Z"}
{"level":"info","message":"Coonected to Database","timestamp":"2025-02-09T21:55:22.862Z"}
{"level":"info","message":"Coonected to Database","timestamp":"2025-02-09T21:55:31.841Z"}
{"level":"info","message":"Coonected to Database","timestamp":"2025-02-09T21:55:40.561Z"}
{"level":"info","message":"Coonected to Database","timestamp":"2025-02-09T21:55:45.274Z"}
{"level":"info","message":"Coonected to Database","timestamp":"2025-02-09T21:55:50.784Z"}
{"level":"info","message":"Coonected to Database","timestamp":"2025-02-09T21:55:56.093Z"}
{"level":"info","message":"Coonected to Database","timestamp":"2025-02-09T21:56:18.152Z"}
{"level":"info","message":"Coonected to Database","timestamp":"2025-02-09T21:56:24.167Z"}
{"level":"info","message":"Coonected to Database","timestamp":"2025-02-09T21:56:39.930Z"}
{"level":"info","message":"Coonected to Database","timestamp":"2025-02-09T21:56:57.575Z"}
{"level":"info","message":"Coonected to Database","timestamp":"2025-02-09T21:57:08.349Z"}
{"level":"info","message":"Coonected to Database","timestamp":"2025-02-09T21:57:24.401Z"}
{"level":"info","message":"Coonected to Database","timestamp":"2025-02-09T21:57:46.509Z"}
{"level":"info","message":"Coonected to Database","timestamp":"2025-02-09T21:57:53.291Z"}
{"level":"info","message":"Coonected to Database","timestamp":"2025-02-09T22:53:02.305Z"}
{"level":"info","message":"Coonected to Database","timestamp":"2025-02-09T22:53:09.231Z"}
{"level":"info","message":"Coonected to Database","timestamp":"2025-02-09T22:53:35.845Z"}
{"level":"info","message":"Coonected to Database","timestamp":"2025-02-09T22:53:41.295Z"}
{"level":"info","message":"Coonected to Database","timestamp":"2025-02-09T22:53:44.285Z"}
{"level":"info","message":"Coonected to Database","timestamp":"2025-02-09T22:53:47.284Z"}
{"level":"info","message":"Coonected to Database","timestamp":"2025-02-09T22:53:55.065Z"}
{"level":"info","message":"Coonected to Database","timestamp":"2025-02-09T22:53:58.943Z"}
{"level":"info","message":"Coonected to Database","timestamp":"2025-02-09T22:54:02.075Z"}
{"level":"info","message":"Coonected to Database","timestamp":"2025-02-09T22:55:18.638Z"}
{"level":"info","message":"Coonected to Database","timestamp":"2025-02-09T22:55:21.408Z"}
{"level":"info","message":"Coonected to Database","timestamp":"2025-02-09T22:55:29.196Z"}
{"level":"info","message":"Coonected to Database","timestamp":"2025-02-09T22:56:08.905Z"}
{"level":"info","message":"Coonected to Database","timestamp":"2025-02-09T22:56:12.302Z"}
{"level":"info","message":"Coonected to Database","timestamp":"2025-02-09T22:56:14.551Z"}
{"level":"info","message":"Coonected to Database","timestamp":"2025-02-09T22:56:17.661Z"}
{"level":"info","message":"Coonected to Database","timestamp":"2025-02-09T22:56:21.987Z"}
{"level":"info","message":"Coonected to Database","timestamp":"2025-02-09T22:56:24.148Z"}
{"level":"info","message":"Coonected to Database","timestamp":"2025-02-09T22:56:27.260Z"}
{"level":"info","message":"Coonected to Database","timestamp":"2025-02-09T22:56:31.699Z"}
{"level":"info","message":"Coonected to Database","timestamp":"2025-02-09T22:56:37.826Z"}
{"level":"info","message":"Coonected to Database","timestamp":"2025-02-09T22:56:40.348Z"}
{"level":"info","message":"Coonected to Database","timestamp":"2025-02-09T22:56:42.301Z"}
{"level":"info","message":"Coonected to Database","timestamp":"2025-02-09T22:56:44.394Z"}
{"level":"info","message":"Coonected to Database","timestamp":"2025-02-09T22:56:47.822Z"}
{"level":"info","message":"Coonected to Database","timestamp":"2025-02-09T22:56:49.759Z"}
{"level":"info","message":"Coonected to Database","timestamp":"2025-02-09T22:58:14.431Z"}
{"level":"info","message":"Coonected to Database","timestamp":"2025-02-09T22:58:20.304Z"}
{"level":"info","message":"Coonected to Database","timestamp":"2025-02-09T22:58:22.229Z"}
{"level":"info","message":"Coonected to Database","timestamp":"2025-02-09T22:58:27.516Z"}
{"level":"info","message":"Coonected to Database","timestamp":"2025-02-09T23:01:00.991Z"}
{"level":"info","message":"Coonected to Database","timestamp":"2025-02-10T02:13:28.694Z"}
{"level":"info","message":"Coonected to Database","timestamp":"2025-02-10T02:16:05.160Z"}
{"level":"info","message":"Coonected to Database","timestamp":"2025-02-10T02:16:21.276Z"}
{"level":"info","message":"Coonected to Database","timestamp":"2025-02-10T02:16:23.583Z"}
{"level":"info","message":"Coonected to Database","timestamp":"2025-02-10T02:16:32.717Z"}
{"level":"info","message":"Coonected to Database","timestamp":"2025-02-10T02:16:47.648Z"}
{"level":"info","message":"Coonected to Database","timestamp":"2025-02-10T02:16:55.400Z"}
{"level":"info","message":"Coonected to Database","timestamp":"2025-02-10T02:17:04.108Z"}
{"level":"info","message":"Coonected to Database","timestamp":"2025-02-10T02:17:07.762Z"}
{"level":"info","message":"Coonected to Database","timestamp":"2025-02-10T02:17:11.251Z"}
{"level":"info","message":"Coonected to Database","timestamp":"2025-02-10T02:17:17.093Z"}
{"level":"info","message":"Coonected to Database","timestamp":"2025-02-10T02:17:19.396Z"}
{"level":"info","message":"Coonected to Database","timestamp":"2025-02-10T02:17:34.351Z"}
{"level":"info","message":"Coonected to Database","timestamp":"2025-02-10T02:17:41.631Z"}
{"level":"info","message":"Coonected to Database","timestamp":"2025-02-10T02:17:45.765Z"}
{"level":"info","message":"Coonected to Database","timestamp":"2025-02-10T02:17:48.488Z"}
{"level":"info","message":"Coonected to Database","timestamp":"2025-02-10T02:17:54.107Z"}
{"level":"info","message":"Coonected to Database","timestamp":"2025-02-10T02:18:01.446Z"}
{"level":"info","message":"Coonected to Database","timestamp":"2025-02-10T02:18:04.014Z"}
{"level":"info","message":"Coonected to Database","timestamp":"2025-02-10T02:19:06.494Z"}
{"level":"info","message":"Coonected to Database","timestamp":"2025-02-10T10:13:57.246Z"}
{"level":"info","message":"Coonected to Database","timestamp":"2025-02-10T10:35:41.882Z"}
{"level":"info","message":"Coonected to Database","timestamp":"2025-02-10T10:37:26.790Z"}
{"level":"info","message":"Coonected to Database","timestamp":"2025-02-10T10:37:29.177Z"}
{"level":"info","message":"Coonected to Database","timestamp":"2025-02-10T10:37:32.442Z"}
{"level":"info","message":"Coonected to Database","timestamp":"2025-02-10T10:37:38.384Z"}
{"level":"info","message":"Coonected to Database","timestamp":"2025-02-10T10:37:48.428Z"}
{"level":"info","message":"Coonected to Database","timestamp":"2025-02-10T10:37:50.362Z"}
{"level":"info","message":"Coonected to Database","timestamp":"2025-02-10T10:37:52.824Z"}
{"level":"info","message":"Coonected to Database","timestamp":"2025-02-10T10:38:21.646Z"}
{"level":"info","message":"Coonected to Database","timestamp":"2025-02-10T10:38:23.606Z"}
{"level":"info","message":"Coonected to Database","timestamp":"2025-02-10T10:38:26.072Z"}
{"level":"info","message":"Coonected to Database","timestamp":"2025-02-10T10:38:36.070Z"}
{"level":"info","message":"Coonected to Database","timestamp":"2025-02-10T10:38:37.911Z"}
{"level":"info","message":"Coonected to Database","timestamp":"2025-02-10T10:38:42.697Z"}
{"level":"info","message":"Coonected to Database","timestamp":"2025-02-10T10:39:08.753Z"}
{"level":"info","message":"Coonected to Database","timestamp":"2025-02-10T10:39:30.373Z"}
{"level":"info","message":"Coonected to Database","timestamp":"2025-02-10T10:39:34.858Z"}
{"level":"info","message":"Coonected to Database","timestamp":"2025-02-10T10:39:44.185Z"}
{"level":"info","message":"Coonected to Database","timestamp":"2025-02-10T10:43:31.753Z"}
{"level":"info","message":"Coonected to Database","timestamp":"2025-02-10T10:43:43.148Z"}
{"level":"info","message":"Coonected to Database","timestamp":"2025-02-10T10:48:11.448Z"}
{"level":"info","message":"Coonected to Database","timestamp":"2025-02-10T10:48:53.763Z"}
{"level":"info","message":"Coonected to Database","timestamp":"2025-02-10T10:49:06.855Z"}
{"level":"info","message":"Coonected to Database","timestamp":"2025-02-10T10:49:32.418Z"}
{"level":"info","message":"Coonected to Database","timestamp":"2025-02-10T10:51:11.820Z"}
{"level":"info","message":"Coonected to Database","timestamp":"2025-02-10T10:51:15.068Z"}
{"level":"info","message":"Coonected to Database","timestamp":"2025-02-10T10:51:19.234Z"}
{"level":"info","message":"Coonected to Database","timestamp":"2025-02-10T10:51:28.705Z"}
{"level":"info","message":"Coonected to Database","timestamp":"2025-02-10T10:51:30.172Z"}
{"level":"info","message":"Coonected to Database","timestamp":"2025-02-10T10:52:34.668Z"}
{"level":"info","message":"Coonected to Database","timestamp":"2025-02-10T10:52:43.430Z"}
{"level":"info","message":"Coonected to Database","timestamp":"2025-02-10T10:55:28.180Z"}
{"level":"info","message":"Coonected to Database","timestamp":"2025-02-10T10:57:48.050Z"}
{"level":"info","message":"Coonected to Database","timestamp":"2025-02-10T10:58:01.225Z"}
{"level":"info","message":"Coonected to Database","timestamp":"2025-02-10T10:59:00.893Z"}
{"level":"info","message":"Coonected to Database","timestamp":"2025-02-10T10:59:04.053Z"}
{"level":"info","message":"Coonected to Database","timestamp":"2025-02-10T10:59:07.454Z"}
{"level":"info","message":"Coonected to Database","timestamp":"2025-02-10T10:59:09.926Z"}
{"level":"info","message":"Coonected to Database","timestamp":"2025-02-10T10:59:13.485Z"}
{"level":"info","message":"Succesfully created Abdellatif Markazi","timestamp":"2025-02-10T10:59:20.456Z"}
{"level":"info","message":"Coonected to Database","timestamp":"2025-02-10T10:59:49.729Z"}
{"level":"info","message":"Coonected to Database","timestamp":"2025-02-10T11:00:09.389Z"}
{"level":"info","message":"Coonected to Database","timestamp":"2025-02-10T11:03:09.303Z"}
{"level":"info","message":"Coonected to Database","timestamp":"2025-02-10T11:03:19.681Z"}
{"level":"info","message":"Coonected to Database","timestamp":"2025-02-10T11:03:22.134Z"}
{"level":"info","message":"Coonected to Database","timestamp":"2025-02-10T11:03:37.966Z"}
{"level":"info","message":"Coonected to Database","timestamp":"2025-02-10T11:03:46.583Z"}
{"level":"info","message":"Coonected to Database","timestamp":"2025-02-10T11:03:51.192Z"}
{"level":"info","message":"Coonected to Database","timestamp":"2025-02-10T11:04:00.439Z"}
{"level":"info","message":"Coonected to Database","timestamp":"2025-02-10T11:04:04.571Z"}
{"level":"info","message":"Coonected to Database","timestamp":"2025-02-10T11:04:08.835Z"}
{"level":"info","message":"Coonected to Database","timestamp":"2025-02-10T11:04:12.893Z"}
{"level":"info","message":"Coonected to Database","timestamp":"2025-02-10T11:04:21.306Z"}
{"level":"info","message":"Coonected to Database","timestamp":"2025-02-10T11:25:40.822Z"}
{"level":"info","message":"Coonected to Database","timestamp":"2025-02-10T11:28:26.197Z"}
{"level":"info","message":"Coonected to Database","timestamp":"2025-02-10T11:43:48.198Z"}
{"level":"info","message":"Coonected to Database","timestamp":"2025-02-10T11:43:55.595Z"}
{"level":"info","message":"Coonected to Database","timestamp":"2025-02-10T11:44:08.074Z"}
{"level":"info","message":"Coonected to Database","timestamp":"2025-02-10T11:44:11.481Z"}
{"level":"info","message":"Coonected to Database","timestamp":"2025-02-10T11:44:18.501Z"}
{"level":"info","message":"Coonected to Database","timestamp":"2025-02-10T11:44:39.865Z"}
{"level":"info","message":"Coonected to Database","timestamp":"2025-02-10T11:44:43.954Z"}
{"level":"info","message":"Coonected to Database","timestamp":"2025-02-10T11:44:47.436Z"}
{"level":"info","message":"Coonected to Database","timestamp":"2025-02-10T11:46:02.561Z"}
{"level":"info","message":"Coonected to Database","timestamp":"2025-02-10T11:46:07.349Z"}
{"level":"info","message":"Coonected to Database","timestamp":"2025-02-10T11:46:14.710Z"}
{"level":"info","message":"Coonected to Database","timestamp":"2025-02-10T11:46:21.022Z"}
{"level":"info","message":"Coonected to Database","timestamp":"2025-02-10T11:46:32.400Z"}
{"level":"info","message":"Coonected to Database","timestamp":"2025-02-10T11:46:36.481Z"}
{"level":"info","message":"Coonected to Database","timestamp":"2025-02-10T11:46:43.043Z"}
{"level":"info","message":"Coonected to Database","timestamp":"2025-02-10T12:09:29.612Z"}
{"level":"info","message":"Coonected to Database","timestamp":"2025-02-10T12:09:39.587Z"}
{"level":"info","message":"Coonected to Database","timestamp":"2025-02-10T12:10:29.819Z"}
{"level":"info","message":"Coonected to Database","timestamp":"2025-02-10T12:10:34.985Z"}
{"level":"info","message":"Coonected to Database","timestamp":"2025-02-10T12:10:54.592Z"}
{"level":"info","message":"Coonected to Database","timestamp":"2025-02-10T12:10:57.763Z"}
{"level":"info","message":"Coonected to Database","timestamp":"2025-02-10T12:11:00.074Z"}
{"level":"info","message":"Coonected to Database","timestamp":"2025-02-10T12:11:08.791Z"}
{"level":"info","message":"Coonected to Database","timestamp":"2025-02-10T12:11:13.021Z"}
{"level":"info","message":"Coonected to Database","timestamp":"2025-02-10T12:12:45.052Z"}
{"level":"info","message":"Coonected to Database","timestamp":"2025-02-10T12:12:47.988Z"}
{"level":"info","message":"Coonected to Database","timestamp":"2025-02-10T12:12:56.937Z"}
{"level":"info","message":"Coonected to Database","timestamp":"2025-02-10T12:13:00.351Z"}
{"level":"info","message":"Coonected to Database","timestamp":"2025-02-10T12:13:12.017Z"}
{"level":"info","message":"Coonected to Database","timestamp":"2025-02-10T12:13:15.450Z"}
{"level":"info","message":"Coonected to Database","timestamp":"2025-02-10T12:13:18.843Z"}
{"level":"info","message":"Coonected to Database","timestamp":"2025-02-10T12:13:21.395Z"}
{"level":"info","message":"Coonected to Database","timestamp":"2025-02-10T12:13:30.946Z"}
{"level":"info","message":"Coonected to Database","timestamp":"2025-02-10T12:13:36.920Z"}
{"level":"info","message":"Coonected to Database","timestamp":"2025-02-10T12:13:41.915Z"}
{"level":"info","message":"Coonected to Database","timestamp":"2025-02-10T12:13:46.062Z"}
{"level":"info","message":"Coonected to Database","timestamp":"2025-02-10T12:14:05.033Z"}
{"level":"info","message":"Coonected to Database","timestamp":"2025-02-10T12:14:12.164Z"}
{"level":"info","message":"Coonected to Database","timestamp":"2025-02-10T12:14:22.057Z"}
{"level":"info","message":"Coonected to Database","timestamp":"2025-02-10T12:14:29.274Z"}
{"level":"info","message":"Coonected to Database","timestamp":"2025-02-10T12:14:35.721Z"}
{"level":"info","message":"Coonected to Database","timestamp":"2025-02-10T12:15:00.919Z"}
{"level":"info","message":"Coonected to Database","timestamp":"2025-02-10T12:15:15.395Z"}
{"level":"info","message":"Coonected to Database","timestamp":"2025-02-10T12:15:30.585Z"}
{"level":"info","message":"Coonected to Database","timestamp":"2025-02-10T12:15:40.410Z"}
{"level":"info","message":"Coonected to Database","timestamp":"2025-02-10T12:15:48.497Z"}
{"level":"info","message":"Coonected to Database","timestamp":"2025-02-10T12:16:06.505Z"}
{"level":"info","message":"Coonected to Database","timestamp":"2025-02-10T12:22:31.732Z"}
{"level":"info","message":"Coonected to Database","timestamp":"2025-02-10T12:22:37.829Z"}
{"level":"info","message":"Coonected to Database","timestamp":"2025-02-10T12:22:43.749Z"}
{"level":"info","message":"Coonected to Database","timestamp":"2025-02-10T12:22:58.005Z"}
{"level":"info","message":"Coonected to Database","timestamp":"2025-02-10T12:23:00.770Z"}
{"level":"info","message":"Coonected to Database","timestamp":"2025-02-10T12:23:04.672Z"}
{"level":"info","message":"Coonected to Database","timestamp":"2025-02-10T12:23:08.719Z"}
{"level":"info","message":"Coonected to Database","timestamp":"2025-02-10T12:23:13.997Z"}
{"level":"info","message":"Coonected to Database","timestamp":"2025-02-10T12:23:19.893Z"}
{"level":"info","message":"Coonected to Database","timestamp":"2025-02-10T12:23:29.191Z"}
{"level":"info","message":"Coonected to Database","timestamp":"2025-02-10T12:23:40.401Z"}
{"level":"info","message":"Coonected to Database","timestamp":"2025-02-10T12:23:45.295Z"}
{"level":"info","message":"Coonected to Database","timestamp":"2025-02-10T12:23:52.655Z"}
{"level":"info","message":"Coonected to Database","timestamp":"2025-02-10T12:23:57.555Z"}
{"level":"info","message":"Coonected to Database","timestamp":"2025-02-10T12:24:05.062Z"}
{"level":"info","message":"Coonected to Database","timestamp":"2025-02-10T12:24:07.610Z"}
{"level":"info","message":"Coonected to Database","timestamp":"2025-02-10T12:24:12.408Z"}
{"level":"info","message":"Coonected to Database","timestamp":"2025-02-10T12:24:50.570Z"}
{"level":"info","message":"Coonected to Database","timestamp":"2025-02-10T12:24:57.847Z"}
{"level":"info","message":"Coonected to Database","timestamp":"2025-02-10T12:25:02.852Z"}
{"level":"info","message":"Coonected to Database","timestamp":"2025-02-10T12:25:05.985Z"}
{"level":"info","message":"Coonected to Database","timestamp":"2025-02-10T12:25:14.605Z"}
{"level":"info","message":"Coonected to Database","timestamp":"2025-02-10T12:25:18.974Z"}
{"level":"info","message":"Coonected to Database","timestamp":"2025-02-10T12:25:24.898Z"}
{"level":"info","timestamp":"2025-02-10T12:26:50.110Z"}
{"level":"info","message":"Succesfully created Abdellatif","timestamp":"2025-02-10T12:30:15.236Z"}
{"level":"info","timestamp":"2025-02-10T12:30:39.799Z"}
{"level":"info","timestamp":"2025-02-10T12:31:09.524Z"}
{"level":"info","message":"Coonected to Database","timestamp":"2025-02-10T12:31:27.051Z"}
{"level":"info","message":"Coonected to Database","timestamp":"2025-02-10T12:32:01.006Z"}
{"level":"info","message":"Coonected to Database","timestamp":"2025-02-10T12:44:36.706Z"}
{"level":"info","message":"Coonected to Database","timestamp":"2025-02-10T12:46:02.223Z"}
{"level":"info","message":"Coonected to Database","timestamp":"2025-02-10T12:48:54.113Z"}
{"level":"info","message":"Coonected to Database","timestamp":"2025-02-10T12:54:41.914Z"}
{"level":"info","message":"Coonected to Database","timestamp":"2025-02-10T12:54:51.957Z"}
{"level":"info","message":"Coonected to Database","timestamp":"2025-02-10T12:54:56.960Z"}
{"level":"info","message":"Coonected to Database","timestamp":"2025-02-10T12:55:00.245Z"}
{"level":"info","message":"Coonected to Database","timestamp":"2025-02-10T12:55:11.151Z"}
{"level":"info","message":"Coonected to Database","timestamp":"2025-02-10T12:55:16.803Z"}
{"level":"info","message":"Coonected to Database","timestamp":"2025-02-10T12:55:18.745Z"}
{"level":"info","message":"Coonected to Database","timestamp":"2025-02-10T12:55:20.597Z"}
{"level":"info","message":"Coonected to Database","timestamp":"2025-02-10T12:55:23.154Z"}
{"level":"info","message":"Coonected to Database","timestamp":"2025-02-10T12:55:51.701Z"}
{"level":"info","message":"Coonected to Database","timestamp":"2025-02-10T12:55:54.793Z"}
{"level":"info","message":"Coonected to Database","timestamp":"2025-02-10T12:56:13.522Z"}
{"level":"info","message":"Coonected to Database","timestamp":"2025-02-10T12:56:15.390Z"}
{"level":"info","message":"Coonected to Database","timestamp":"2025-02-10T12:56:20.301Z"}
{"level":"info","message":"Coonected to Database","timestamp":"2025-02-10T12:56:22.338Z"}
{"level":"info","message":"Coonected to Database","timestamp":"2025-02-10T12:56:29.629Z"}
{"level":"info","message":"Coonected to Database","timestamp":"2025-02-10T12:56:32.293Z"}
{"level":"info","message":"Coonected to Database","timestamp":"2025-02-10T12:56:34.928Z"}
{"level":"info","message":"Coonected to Database","timestamp":"2025-02-10T12:56:37.350Z"}
{"level":"info","message":"Coonected to Database","timestamp":"2025-02-10T12:56:43.245Z"}
{"level":"info","message":"Coonected to Database","timestamp":"2025-02-10T12:56:49.753Z"}
{"level":"info","message":"Coonected to Database","timestamp":"2025-02-10T12:56:53.699Z"}
{"level":"info","message":"Coonected to Database","timestamp":"2025-02-10T12:56:58.598Z"}
{"level":"info","message":"Coonected to Database","timestamp":"2025-02-10T12:57:05.741Z"}
{"level":"info","message":"Coonected to Database","timestamp":"2025-02-10T12:57:12.163Z"}
{"level":"info","message":"Coonected to Database","timestamp":"2025-02-10T12:57:14.378Z"}
{"level":"info","message":"Coonected to Database","timestamp":"2025-02-10T12:57:19.949Z"}
{"level":"info","message":"Coonected to Database","timestamp":"2025-02-10T12:57:25.345Z"}
{"level":"info","message":"Coonected to Database","timestamp":"2025-02-10T12:57:28.769Z"}
{"level":"info","message":"Coonected to Database","timestamp":"2025-02-10T12:57:33.235Z"}
{"level":"info","message":"Coonected to Database","timestamp":"2025-02-10T12:57:38.031Z"}
{"level":"info","message":"Coonected to Database","timestamp":"2025-02-10T12:57:48.237Z"}
{"level":"info","message":"Coonected to Database","timestamp":"2025-02-10T12:58:47.214Z"}
{"level":"info","message":"Coonected to Database","timestamp":"2025-02-10T12:58:59.649Z"}
{"level":"info","message":"Coonected to Database","timestamp":"2025-02-10T13:00:04.456Z"}
{"level":"info","message":"Coonected to Database","timestamp":"2025-02-10T13:00:14.181Z"}
{"level":"info","message":"Coonected to Database","timestamp":"2025-02-10T13:00:27.779Z"}
{"level":"info","message":"Coonected to Database","timestamp":"2025-02-10T13:00:30.390Z"}
{"level":"info","message":"Coonected to Database","timestamp":"2025-02-10T13:00:36.189Z"}
{"level":"info","message":"Coonected to Database","timestamp":"2025-02-10T13:00:37.936Z"}
{"level":"info","message":"Coonected to Database","timestamp":"2025-02-10T13:00:47.271Z"}
{"level":"info","message":"Coonected to Database","timestamp":"2025-02-10T13:00:51.360Z"}
{"level":"info","message":"Coonected to Database","timestamp":"2025-02-10T13:00:55.052Z"}
{"level":"info","message":"Coonected to Database","timestamp":"2025-02-10T13:00:56.886Z"}
{"level":"info","message":"Coonected to Database","timestamp":"2025-02-10T13:01:05.029Z"}
{"level":"info","message":"Coonected to Database","timestamp":"2025-02-10T13:01:06.772Z"}
{"level":"info","message":"Coonected to Database","timestamp":"2025-02-10T13:01:32.687Z"}
{"level":"info","message":"Coonected to Database","timestamp":"2025-02-10T13:01:38.847Z"}
{"level":"info","message":"Coonected to Database","timestamp":"2025-02-10T13:01:41.414Z"}
{"level":"info","message":"Coonected to Database","timestamp":"2025-02-10T13:01:45.363Z"}
{"level":"info","message":"Coonected to Database","timestamp":"2025-02-10T13:01:50.522Z"}
{"level":"info","message":"Coonected to Database","timestamp":"2025-02-10T13:01:54.624Z"}
{"level":"info","message":"Coonected to Database","timestamp":"2025-02-10T13:02:02.428Z"}
{"level":"info","message":"Coonected to Database","timestamp":"2025-02-10T13:02:50.360Z"}
{"level":"info","message":"Coonected to Database","timestamp":"2025-02-10T13:02:56.807Z"}
{"level":"info","message":"Coonected to Database","timestamp":"2025-02-10T13:03:00.990Z"}
{"level":"info","message":"Coonected to Database","timestamp":"2025-02-10T13:04:24.673Z"}
{"level":"info","message":"Coonected to Database","timestamp":"2025-02-10T13:04:30.305Z"}
{"level":"info","message":"Coonected to Database","timestamp":"2025-02-10T13:04:32.106Z"}
{"level":"info","message":"Coonected to Database","timestamp":"2025-02-10T13:04:41.250Z"}
{"level":"info","message":"Coonected to Database","timestamp":"2025-02-10T13:04:51.685Z"}
{"level":"info","message":"Coonected to Database","timestamp":"2025-02-10T13:04:54.602Z"}
{"level":"info","message":"Coonected to Database","timestamp":"2025-02-10T13:05:52.426Z"}
{"level":"info","message":"Coonected to Database","timestamp":"2025-02-10T13:05:55.849Z"}
{"level":"info","message":"Coonected to Database","timestamp":"2025-02-10T13:39:33.793Z"}
{"level":"info","message":"Coonected to Database","timestamp":"2025-02-10T13:39:47.878Z"}
{"level":"info","message":"Coonected to Database","timestamp":"2025-02-10T13:39:52.972Z"}
{"level":"info","message":"Coonected to Database","timestamp":"2025-02-10T13:39:58.060Z"}
{"level":"info","message":"Coonected to Database","timestamp":"2025-02-10T13:40:02.373Z"}
{"level":"info","message":"Coonected to Database","timestamp":"2025-02-10T13:40:18.331Z"}
{"level":"info","message":"Coonected to Database","timestamp":"2025-02-10T13:40:27.297Z"}
{"level":"info","message":"Coonected to Database","timestamp":"2025-02-10T13:40:31.133Z"}
{"level":"info","message":"Coonected to Database","timestamp":"2025-02-10T13:40:37.410Z"}
{"level":"info","message":"Coonected to Database","timestamp":"2025-02-10T13:40:42.943Z"}
{"level":"info","message":"Coonected to Database","timestamp":"2025-02-10T13:41:07.963Z"}
{"level":"info","message":"Coonected to Database","timestamp":"2025-02-10T13:41:21.690Z"}
{"level":"info","message":"Coonected to Database","timestamp":"2025-02-10T13:41:24.743Z"}
{"level":"info","message":"Coonected to Database","timestamp":"2025-02-10T13:41:33.107Z"}
{"level":"info","message":"Coonected to Database","timestamp":"2025-02-10T13:41:38.810Z"}
{"level":"info","message":"Coonected to Database","timestamp":"2025-02-10T13:41:48.209Z"}
{"level":"info","message":"Coonected to Database","timestamp":"2025-02-10T13:41:52.917Z"}
{"level":"info","message":"Coonected to Database","timestamp":"2025-02-10T13:41:55.852Z"}
{"level":"info","message":"Coonected to Database","timestamp":"2025-02-10T13:42:02.303Z"}
{"level":"info","message":"Coonected to Database","timestamp":"2025-02-10T13:42:06.063Z"}
{"level":"info","message":"Coonected to Database","timestamp":"2025-02-10T13:42:52.304Z"}
{"level":"info","message":"Coonected to Database","timestamp":"2025-02-10T13:42:56.887Z"}
{"level":"info","message":"Coonected to Database","timestamp":"2025-02-13T20:13:54.330Z"}
{"level":"info","message":"Coonected to Database","timestamp":"2025-02-13T20:18:04.178Z"}
{"level":"info","message":"Coonected to Database","timestamp":"2025-02-13T20:18:13.172Z"}
{"level":"info","message":"Coonected to Database","timestamp":"2025-02-13T20:18:28.053Z"}
{"level":"info","message":"Coonected to Database","timestamp":"2025-02-13T20:18:41.848Z"}
{"level":"info","message":"Coonected to Database","timestamp":"2025-02-13T20:18:54.802Z"}
{"level":"info","message":"Coonected to Database","timestamp":"2025-02-13T20:18:59.447Z"}
{"level":"info","message":"Coonected to Database","timestamp":"2025-02-13T20:19:11.924Z"}
{"level":"info","message":"Coonected to Database","timestamp":"2025-02-13T20:19:18.488Z"}
{"level":"info","message":"Coonected to Database","timestamp":"2025-02-13T20:19:21.060Z"}
{"level":"info","message":"Coonected to Database","timestamp":"2025-02-13T20:19:26.328Z"}
{"level":"info","message":"Coonected to Database","timestamp":"2025-02-13T20:19:33.430Z"}
{"level":"info","message":"Coonected to Database","timestamp":"2025-02-13T20:20:05.734Z"}
{"level":"info","message":"Coonected to Database","timestamp":"2025-02-13T20:20:14.613Z"}
{"level":"info","message":"Coonected to Database","timestamp":"2025-02-13T20:20:18.756Z"}
{"level":"info","message":"Succesfully created Abdelll","timestamp":"2025-02-13T20:22:45.342Z"}
{"level":"info","message":"Coonected to Database","timestamp":"2025-02-13T20:23:24.812Z"}
{"level":"info","message":"Coonected to Database","timestamp":"2025-02-13T20:23:32.140Z"}
{"level":"info","message":"Coonected to Database","timestamp":"2025-02-13T20:23:37.026Z"}
{"level":"info","message":"Coonected to Database","timestamp":"2025-02-13T20:23:42.886Z"}
{"level":"info","message":"Coonected to Database","timestamp":"2025-02-13T20:26:49.455Z"}
{"level":"info","message":"Coonected to Database","timestamp":"2025-02-13T20:26:54.741Z"}
{"level":"info","message":"Succesfully created Boutaina Markazi","timestamp":"2025-02-13T20:27:02.936Z"}
{"level":"info","message":"Coonected to Database","timestamp":"2025-02-13T20:32:41.737Z"}
{"level":"info","message":"Coonected to Database","timestamp":"2025-02-14T17:14:41.104Z"}
{"level":"info","message":"Coonected to Database","timestamp":"2025-02-14T18:06:21.630Z"}
{"level":"info","message":"Coonected to Database","timestamp":"2025-02-14T18:06:33.217Z"}
{"level":"info","message":"Coonected to Database","timestamp":"2025-02-14T18:06:35.472Z"}
{"level":"info","message":"Coonected to Database","timestamp":"2025-02-14T18:06:41.476Z"}
{"level":"info","message":"Coonected to Database","timestamp":"2025-02-14T18:06:45.883Z"}
{"level":"info","message":"Coonected to Database","timestamp":"2025-02-14T18:06:50.038Z"}
{"level":"info","message":"Coonected to Database","timestamp":"2025-02-14T18:06:54.895Z"}
{"level":"info","message":"Coonected to Database","timestamp":"2025-02-14T18:06:58.383Z"}
{"level":"info","message":"Coonected to Database","timestamp":"2025-02-14T18:07:02.371Z"}
{"level":"info","message":"Coonected to Database","timestamp":"2025-02-14T18:07:06.985Z"}
{"level":"info","message":"Coonected to Database","timestamp":"2025-02-14T18:07:12.332Z"}
{"level":"info","message":"Coonected to Database","timestamp":"2025-02-14T18:07:19.333Z"}
{"level":"info","message":"Coonected to Database","timestamp":"2025-02-14T20:35:07.554Z"}
{"level":"info","message":"Coonected to Database","timestamp":"2025-02-15T15:58:07.472Z"}
{"level":"info","message":"Coonected to Database","timestamp":"2025-02-15T16:12:20.472Z"}
{"level":"info","message":"Coonected to Database","timestamp":"2025-02-15T16:17:26.233Z"}
{"level":"info","message":"Coonected to Database","timestamp":"2025-02-17T12:28:49.931Z"}
{"level":"info","message":"Coonected to Database","timestamp":"2025-02-17T19:02:22.871Z"}
