{"level":"info","message":"Server running on port 8000","timestamp":"2025-02-09T18:10:05.749Z"}
{"level":"info","message":"Server running on port 8000","timestamp":"2025-02-09T18:14:17.257Z"}
{"level":"info","message":"Server running on port 8000","timestamp":"2025-02-09T18:16:40.161Z"}
{"level":"info","message":"Server running on port 8000","timestamp":"2025-02-09T18:16:48.293Z"}
{"level":"info","message":"Server running on port 8000","timestamp":"2025-02-09T18:16:54.299Z"}
{"level":"info","message":"Server running on port 8000","timestamp":"2025-02-09T18:16:57.094Z"}
{"level":"info","message":"Server running on port 8000","timestamp":"2025-02-09T18:17:02.830Z"}
{"level":"info","message":"Server running on port 8000","timestamp":"2025-02-09T18:17:05.154Z"}
{"level":"info","message":"Server running on port 8000","timestamp":"2025-02-09T18:17:06.295Z"}
{"level":"info","message":"Server running on port 8000","timestamp":"2025-02-09T18:17:07.502Z"}
{"level":"info","message":"Server running on port 8000","timestamp":"2025-02-09T18:19:42.716Z"}
{"level":"info","message":"Server running on port 8000","timestamp":"2025-02-09T18:20:49.151Z"}
{"level":"info","message":"Server running on port 8000","timestamp":"2025-02-09T18:21:45.838Z"}
{"level":"info","message":"Server running on port 8000","timestamp":"2025-02-09T18:21:49.611Z"}
{"level":"info","message":"Server running on port 8000","timestamp":"2025-02-09T18:21:51.226Z"}
{"level":"info","message":"Server running on port 8000","timestamp":"2025-02-09T18:27:22.603Z"}
{"level":"info","message":"Server running on port 8000","timestamp":"2025-02-09T18:27:36.321Z"}
{"level":"info","message":"Server running on port 8000","timestamp":"2025-02-09T18:29:20.702Z"}
{"level":"info","message":"Server running on port 8000","timestamp":"2025-02-09T18:29:33.888Z"}
{"level":"info","message":"Server running on port 8000","timestamp":"2025-02-09T18:29:35.614Z"}
{"level":"info","message":"Server running on port 8000","timestamp":"2025-02-09T18:29:39.091Z"}
{"level":"info","message":"Server running on port 8000","timestamp":"2025-02-09T18:29:42.683Z"}
{"level":"info","message":"Server running on port 8000","timestamp":"2025-02-09T18:29:45.485Z"}
{"level":"info","message":"Server running on port 8000","timestamp":"2025-02-09T18:29:48.761Z"}
{"level":"info","message":"Server running on port 8000","timestamp":"2025-02-09T18:29:54.246Z"}
{"level":"info","message":"Server running on port 8000","timestamp":"2025-02-09T18:29:55.470Z"}
{"level":"info","message":"Server running on port 8000","timestamp":"2025-02-09T18:30:11.331Z"}
{"level":"info","message":"Server running on port 8000","timestamp":"2025-02-09T18:30:14.815Z"}
{"level":"info","message":"Server running on port 8000","timestamp":"2025-02-09T18:30:16.530Z"}
{"level":"info","message":"Server running on port 8000","timestamp":"2025-02-09T18:30:23.933Z"}
{"level":"info","message":"Server running on port 8000","timestamp":"2025-02-09T18:30:26.219Z"}
{"level":"info","message":"::1 - - [09/Feb/2025:18:31:38 +0000] \"POST /walkietalkie/auth/signup HTTP/1.1\" 200 12 \"-\" \"PostmanRuntime/7.39.1\"","timestamp":"2025-02-09T18:31:38.605Z"}
{"level":"info","message":"Server running on port 8000","timestamp":"2025-02-09T18:31:52.054Z"}
{"level":"info","message":"Server running on port 8000","timestamp":"2025-02-09T18:32:05.767Z"}
{"level":"info","message":"Server running on port 8000","timestamp":"2025-02-09T18:32:18.296Z"}
{"level":"info","message":"Server running on port 8000","timestamp":"2025-02-09T18:32:26.691Z"}
{"level":"info","message":"Server running on port 8000","timestamp":"2025-02-09T18:32:32.591Z"}
{"level":"info","message":"Server running on port 8000","timestamp":"2025-02-09T18:32:39.908Z"}
{"level":"info","message":"Server running on port 8000","timestamp":"2025-02-09T18:32:41.566Z"}
{"level":"info","message":"Server running on port 8000","timestamp":"2025-02-09T18:32:42.790Z"}
{"level":"info","message":"Server running on port 8000","timestamp":"2025-02-09T18:32:49.235Z"}
{"level":"info","message":"Server running on port 8000","timestamp":"2025-02-09T18:32:51.714Z"}
{"level":"info","message":"Server running on port 8000","timestamp":"2025-02-09T18:32:53.443Z"}
{"level":"info","message":"Server running on port 8000","timestamp":"2025-02-09T18:32:57.005Z"}
{"level":"info","message":"Server running on port 8000","timestamp":"2025-02-09T18:32:59.859Z"}
{"level":"info","message":"Server running on port 8000","timestamp":"2025-02-09T18:33:02.004Z"}
{"level":"info","message":"Server running on port 8000","timestamp":"2025-02-09T18:33:03.603Z"}
{"level":"info","message":"Server running on port 8000","timestamp":"2025-02-09T18:33:11.527Z"}
{"level":"info","message":"Server running on port 8000","timestamp":"2025-02-09T18:33:18.904Z"}
{"level":"info","message":"Server running on port 8000","timestamp":"2025-02-09T18:33:21.989Z"}
{"level":"info","message":"Server running on port 8000","timestamp":"2025-02-09T18:33:24.945Z"}
{"level":"info","message":"Server running on port 8000","timestamp":"2025-02-09T18:33:27.265Z"}
{"level":"info","message":"Server running on port 8000","timestamp":"2025-02-09T18:33:38.130Z"}
{"level":"info","message":"Server running on port 8000","timestamp":"2025-02-09T18:33:40.263Z"}
{"level":"info","message":"Server running on port 8000","timestamp":"2025-02-09T18:33:44.250Z"}
{"level":"info","message":"Server running on port 8000","timestamp":"2025-02-09T18:33:50.114Z"}
{"level":"info","message":"Server running on port 8000","timestamp":"2025-02-09T18:33:51.791Z"}
{"level":"info","message":"Server running on port 8000","timestamp":"2025-02-09T18:33:57.470Z"}
{"level":"info","message":"Server running on port 8000","timestamp":"2025-02-09T18:34:08.081Z"}
{"level":"info","message":"Server running on port 8000","timestamp":"2025-02-09T18:34:23.799Z"}
{"level":"info","message":"Server running on port 8000","timestamp":"2025-02-09T18:34:24.756Z"}
{"level":"info","message":"Server running on port 8000","timestamp":"2025-02-09T18:34:33.138Z"}
{"level":"info","message":"Server running on port 8000","timestamp":"2025-02-09T18:34:39.884Z"}
{"level":"info","message":"Server running on port 8000","timestamp":"2025-02-09T18:34:46.497Z"}
{"level":"info","message":"::1 - - [09/Feb/2025:18:34:49 +0000] \"POST /walkietalkie/auth/signup HTTP/1.1\" 200 12 \"-\" \"PostmanRuntime/7.39.1\"","timestamp":"2025-02-09T18:34:49.522Z"}
{"level":"info","message":"Server running on port 8000","timestamp":"2025-02-09T18:35:31.614Z"}
{"level":"info","message":"Server running on port 8000","timestamp":"2025-02-09T18:35:33.579Z"}
{"level":"info","message":"Server running on port 8000","timestamp":"2025-02-09T18:35:34.665Z"}
{"level":"info","message":"Server running on port 8000","timestamp":"2025-02-09T18:35:37.330Z"}
{"level":"info","message":"Server running on port 8000","timestamp":"2025-02-09T18:35:41.423Z"}
{"level":"info","message":"Server running on port 8000","timestamp":"2025-02-09T18:35:42.882Z"}
{"level":"info","message":"Server running on port 8000","timestamp":"2025-02-09T18:36:00.804Z"}
{"level":"info","message":"Server running on port 8000","timestamp":"2025-02-09T18:36:02.473Z"}
{"level":"info","message":"Server running on port 8000","timestamp":"2025-02-09T18:36:07.780Z"}
{"level":"info","message":"Server running on port 8000","timestamp":"2025-02-09T18:36:17.668Z"}
{"level":"info","message":"Server running on port 8000","timestamp":"2025-02-09T18:36:18.992Z"}
{"level":"info","message":"Server running on port 8000","timestamp":"2025-02-09T18:36:30.364Z"}
{"level":"info","message":"Server running on port 8000","timestamp":"2025-02-09T18:36:37.887Z"}
{"level":"info","message":"Server running on port 8000","timestamp":"2025-02-09T18:36:41.699Z"}
{"level":"info","message":"Server running on port 8000","timestamp":"2025-02-09T18:36:48.193Z"}
{"level":"info","message":"Server running on port 8000","timestamp":"2025-02-09T18:36:52.156Z"}
{"level":"info","message":"Server running on port 8000","timestamp":"2025-02-09T18:36:55.731Z"}
{"level":"info","message":"Server running on port 8000","timestamp":"2025-02-09T18:37:03.666Z"}
{"level":"info","message":"::1 - - [09/Feb/2025:18:37:48 +0000] \"POST /walkietalkie/auth/login HTTP/1.1\" 200 11 \"-\" \"PostmanRuntime/7.39.1\"","timestamp":"2025-02-09T18:37:48.892Z"}
{"level":"info","message":"::1 - - [09/Feb/2025:18:37:55 +0000] \"POST /walkietalkie/auth/logout HTTP/1.1\" 200 12 \"-\" \"PostmanRuntime/7.39.1\"","timestamp":"2025-02-09T18:37:55.144Z"}
{"level":"info","message":"Server running on port 8000","timestamp":"2025-02-09T18:47:49.101Z"}
{"level":"info","message":"Server running on port 8000","timestamp":"2025-02-09T18:47:56.556Z"}
{"level":"info","message":"Server running on port 8000","timestamp":"2025-02-09T18:47:57.574Z"}
{"level":"info","message":"Server running on port 8000","timestamp":"2025-02-09T18:48:09.093Z"}
{"level":"info","message":"Server running on port 8000","timestamp":"2025-02-09T18:48:14.568Z"}
{"level":"info","message":"Server running on port 8000","timestamp":"2025-02-09T18:48:20.810Z"}
{"level":"info","message":"Server running on port 8000","timestamp":"2025-02-09T18:48:24.450Z"}
{"level":"info","message":"Server running on port 8000","timestamp":"2025-02-09T18:48:32.244Z"}
{"level":"info","message":"Server running on port 8000","timestamp":"2025-02-09T18:48:34.782Z"}
{"level":"info","message":"Server running on port 8000","timestamp":"2025-02-09T18:48:36.029Z"}
{"level":"info","message":"Server running on port 8000","timestamp":"2025-02-09T18:48:51.604Z"}
{"level":"info","message":"Server running on port 8000","timestamp":"2025-02-09T18:48:53.890Z"}
{"level":"info","message":"Server running on port 8000","timestamp":"2025-02-09T18:49:08.939Z"}
{"level":"info","message":"Server running on port 8000","timestamp":"2025-02-09T18:49:18.156Z"}
{"level":"info","message":"Server running on port 8000","timestamp":"2025-02-09T18:49:22.859Z"}
{"level":"info","message":"Server running on port 8000","timestamp":"2025-02-09T18:49:34.428Z"}
{"level":"info","message":"Server running on port 8000","timestamp":"2025-02-09T18:49:38.061Z"}
{"level":"info","message":"Server running on port 8000","timestamp":"2025-02-09T18:49:46.251Z"}
{"level":"info","message":"Server running on port 8000","timestamp":"2025-02-09T18:49:53.802Z"}
{"level":"info","message":"Server running on port 8000","timestamp":"2025-02-09T18:49:59.025Z"}
{"level":"info","message":"Server running on port 8000","timestamp":"2025-02-09T18:50:06.418Z"}
{"level":"info","message":"Server running on port 8000","timestamp":"2025-02-09T18:50:10.276Z"}
{"level":"info","message":"Server running on port 8000","timestamp":"2025-02-09T18:50:22.222Z"}
{"level":"info","message":"Server running on port 8000","timestamp":"2025-02-09T18:50:25.994Z"}
{"level":"info","message":"Server running on port 8000","timestamp":"2025-02-09T18:50:30.782Z"}
{"level":"info","message":"Server running on port 8000","timestamp":"2025-02-09T18:50:32.504Z"}
{"level":"info","message":"Server running on port 8000","timestamp":"2025-02-09T18:50:37.751Z"}
{"level":"info","message":"Server running on port 8000","timestamp":"2025-02-09T18:50:42.154Z"}
{"level":"info","message":"Server running on port 8000","timestamp":"2025-02-09T18:50:55.676Z"}
{"level":"info","message":"Server running on port 8000","timestamp":"2025-02-09T18:51:03.038Z"}
{"level":"info","message":"Server running on port 8000","timestamp":"2025-02-09T18:51:05.380Z"}
{"level":"info","message":"Server running on port 8000","timestamp":"2025-02-09T18:51:08.457Z"}
{"level":"info","message":"Server running on port 8000","timestamp":"2025-02-09T18:51:09.657Z"}
{"level":"info","message":"Server running on port 8000","timestamp":"2025-02-09T18:51:14.252Z"}
{"level":"info","message":"Server running on port 8000","timestamp":"2025-02-09T18:51:17.066Z"}
{"level":"info","message":"Server running on port 8000","timestamp":"2025-02-09T18:51:19.086Z"}
{"level":"info","message":"Server running on port 8000","timestamp":"2025-02-09T18:51:22.314Z"}
{"level":"info","message":"Server running on port 8000","timestamp":"2025-02-09T18:51:26.268Z"}
{"level":"info","message":"Server running on port 8000","timestamp":"2025-02-09T18:51:28.981Z"}
{"level":"info","message":"Server running on port 8000","timestamp":"2025-02-09T18:51:31.059Z"}
{"level":"info","message":"Server running on port 8000","timestamp":"2025-02-09T18:51:45.525Z"}
{"level":"info","message":"Server running on port 8000","timestamp":"2025-02-09T18:51:48.516Z"}
{"level":"info","message":"Server running on port 8000","timestamp":"2025-02-09T18:51:54.359Z"}
{"level":"info","message":"Server running on port 8000","timestamp":"2025-02-09T18:51:58.256Z"}
{"level":"info","message":"Server running on port 8000","timestamp":"2025-02-09T18:52:00.256Z"}
{"level":"info","message":"Server running on port 8000","timestamp":"2025-02-09T18:52:08.516Z"}
{"level":"info","message":"Server running on port 8000","timestamp":"2025-02-09T18:52:17.335Z"}
{"level":"info","message":"Server running on port 8000","timestamp":"2025-02-09T18:52:18.805Z"}
{"level":"info","message":"Server running on port 8000","timestamp":"2025-02-09T18:53:57.224Z"}
{"level":"info","message":"Server running on port 8000","timestamp":"2025-02-09T18:54:06.407Z"}
{"level":"info","message":"Server running on port 8000","timestamp":"2025-02-09T18:54:09.805Z"}
{"level":"info","message":"Server running on port 8000","timestamp":"2025-02-09T18:54:50.652Z"}
{"level":"info","message":"Server running on port 8000","timestamp":"2025-02-09T18:54:55.323Z"}
{"level":"info","message":"Server running on port 8000","timestamp":"2025-02-09T18:56:43.582Z"}
{"level":"info","message":"Server running on port 8000","timestamp":"2025-02-09T18:56:59.762Z"}
{"level":"info","message":"Server running on port 8000","timestamp":"2025-02-09T18:57:13.990Z"}
{"level":"info","message":"Server running on port 8000","timestamp":"2025-02-09T18:57:22.120Z"}
{"level":"info","message":"Server running on port 8000","timestamp":"2025-02-09T18:57:33.193Z"}
{"level":"info","message":"Server running on port 8000","timestamp":"2025-02-09T18:57:35.718Z"}
{"level":"info","message":"Server running on port 8000","timestamp":"2025-02-09T18:57:43.790Z"}
{"level":"info","message":"Server running on port 8000","timestamp":"2025-02-09T18:58:50.991Z"}
{"level":"info","message":"Server running on port 8000","timestamp":"2025-02-09T19:00:02.949Z"}
{"level":"info","message":"Server running on port 8000","timestamp":"2025-02-09T19:00:15.957Z"}
{"level":"info","message":"Server running on port 8000","timestamp":"2025-02-09T19:00:19.590Z"}
{"level":"info","message":"Server running on port 8000","timestamp":"2025-02-09T19:00:23.267Z"}
{"level":"info","message":"Server running on port 8000","timestamp":"2025-02-09T19:00:27.319Z"}
{"level":"info","message":"Server running on port 8000","timestamp":"2025-02-09T19:00:33.754Z"}
{"level":"info","message":"Server running on port 8000","timestamp":"2025-02-09T19:00:39.100Z"}
{"level":"info","message":"Server running on port 8000","timestamp":"2025-02-09T19:00:43.869Z"}
{"level":"info","message":"Server running on port 8000","timestamp":"2025-02-09T19:00:49.019Z"}
{"level":"info","message":"Server running on port 8000","timestamp":"2025-02-09T19:00:52.415Z"}
{"level":"info","message":"Server running on port 8000","timestamp":"2025-02-09T19:01:01.755Z"}
{"level":"info","message":"Server running on port 8000","timestamp":"2025-02-09T19:01:03.686Z"}
{"level":"info","message":"Server running on port 8000","timestamp":"2025-02-09T19:01:11.392Z"}
{"level":"info","message":"Server running on port 8000","timestamp":"2025-02-09T19:01:12.947Z"}
{"level":"info","message":"Server running on port 8000","timestamp":"2025-02-09T19:01:25.876Z"}
{"level":"info","message":"Server running on port 8000","timestamp":"2025-02-09T19:01:31.563Z"}
{"level":"info","message":"Server running on port 8000","timestamp":"2025-02-09T19:01:44.270Z"}
{"level":"info","message":"Server running on port 8000","timestamp":"2025-02-09T19:01:46.200Z"}
{"level":"info","message":"Server running on port 8000","timestamp":"2025-02-09T19:01:49.832Z"}
{"level":"info","message":"Server running on port 8000","timestamp":"2025-02-09T19:02:32.332Z"}
{"level":"info","message":"Server running on port 8000","timestamp":"2025-02-09T19:02:35.876Z"}
{"level":"info","message":"Server running on port 8000","timestamp":"2025-02-09T19:02:38.996Z"}
{"level":"info","message":"Server running on port 8000","timestamp":"2025-02-09T19:02:41.687Z"}
{"level":"info","message":"Server running on port 8000","timestamp":"2025-02-09T19:02:43.884Z"}
{"level":"info","message":"Server running on port 8000","timestamp":"2025-02-09T19:03:44.840Z"}
{"level":"info","message":"Server running on port 8000","timestamp":"2025-02-09T19:05:39.071Z"}
{"level":"info","message":"Server running on port 8000","timestamp":"2025-02-09T19:05:45.369Z"}
{"level":"info","message":"Server running on port 8000","timestamp":"2025-02-09T19:05:54.503Z"}
{"level":"info","message":"Server running on port 8000","timestamp":"2025-02-09T19:05:56.321Z"}
{"level":"info","message":"Server running on port 8000","timestamp":"2025-02-09T19:05:58.417Z"}
{"level":"info","message":"Server running on port 8000","timestamp":"2025-02-09T19:06:01.592Z"}
{"level":"info","message":"Server running on port 8000","timestamp":"2025-02-09T21:27:00.622Z"}
{"level":"info","message":"Server running on port 8000","timestamp":"2025-02-09T21:27:23.069Z"}
{"level":"info","message":"Server running on port 8000","timestamp":"2025-02-09T21:27:28.564Z"}
{"level":"info","message":"Server running on port 8000","timestamp":"2025-02-09T21:27:33.249Z"}
{"level":"info","message":"Server running on port 8000","timestamp":"2025-02-09T21:27:40.074Z"}
{"level":"info","message":"Server running on port 8000","timestamp":"2025-02-09T21:27:42.527Z"}
{"level":"info","message":"Server running on port 8000","timestamp":"2025-02-09T21:28:09.372Z"}
{"level":"info","message":"Server running on port 8000","timestamp":"2025-02-09T21:28:12.854Z"}
{"level":"info","message":"Server running on port 8000","timestamp":"2025-02-09T21:28:27.403Z"}
{"level":"info","message":"Server running on port 8000","timestamp":"2025-02-09T21:28:32.107Z"}
{"level":"info","message":"Server running on port 8000","timestamp":"2025-02-09T21:28:34.968Z"}
{"level":"info","message":"Server running on port 8000","timestamp":"2025-02-09T21:28:36.217Z"}
{"level":"info","message":"Server running on port 8000","timestamp":"2025-02-09T21:28:43.917Z"}
{"level":"info","message":"Server running on port 8000","timestamp":"2025-02-09T21:49:16.507Z"}
{"level":"info","message":"Server running on port 8000","timestamp":"2025-02-09T21:49:33.709Z"}
{"level":"info","message":"Server running on port 8000","timestamp":"2025-02-09T21:49:35.536Z"}
{"level":"info","message":"Server running on port 8000","timestamp":"2025-02-09T21:49:41.471Z"}
{"level":"info","message":"Server running on port 8000","timestamp":"2025-02-09T21:50:36.170Z"}
{"level":"info","message":"Server running on port 8000","timestamp":"2025-02-09T21:50:37.326Z"}
{"level":"info","message":"Server running on port 8000","timestamp":"2025-02-09T21:50:41.438Z"}
{"level":"info","message":"Server running on port 8000","timestamp":"2025-02-09T21:50:43.109Z"}
{"level":"info","message":"Server running on port 8000","timestamp":"2025-02-09T21:50:48.070Z"}
{"level":"info","message":"Server running on port 8000","timestamp":"2025-02-09T21:50:50.252Z"}
{"level":"info","message":"Server running on port 8000","timestamp":"2025-02-09T21:50:57.405Z"}
{"level":"info","message":"Server running on port 8000","timestamp":"2025-02-09T21:51:01.727Z"}
{"level":"info","message":"Server running on port 8000","timestamp":"2025-02-09T21:51:05.849Z"}
{"level":"info","message":"Server running on port 8000","timestamp":"2025-02-09T21:51:08.514Z"}
{"level":"info","message":"Server running on port 8000","timestamp":"2025-02-09T21:51:11.206Z"}
{"level":"info","message":"Server running on port 8000","timestamp":"2025-02-09T21:51:14.541Z"}
{"level":"info","message":"Server running on port 8000","timestamp":"2025-02-09T21:51:16.615Z"}
{"level":"info","message":"Server running on port 8000","timestamp":"2025-02-09T21:52:26.558Z"}
{"level":"info","message":"Server running on port 8000","timestamp":"2025-02-09T21:52:29.298Z"}
{"level":"info","message":"Server running on port 8000","timestamp":"2025-02-09T21:52:32.505Z"}
{"level":"info","message":"Server running on port 8000","timestamp":"2025-02-09T21:52:34.086Z"}
{"level":"info","message":"Server running on port 8000","timestamp":"2025-02-09T21:52:37.256Z"}
{"level":"info","message":"Server running on port 8000","timestamp":"2025-02-09T21:52:40.874Z"}
{"level":"info","message":"Server running on port 8000","timestamp":"2025-02-09T21:53:00.509Z"}
{"level":"info","message":"Server running on port 8000","timestamp":"2025-02-09T21:53:05.748Z"}
{"level":"info","message":"Server running on port 8000","timestamp":"2025-02-09T21:53:07.829Z"}
{"level":"info","message":"Server running on port 8000","timestamp":"2025-02-09T21:53:18.976Z"}
{"level":"info","message":"Server running on port 8000","timestamp":"2025-02-09T21:53:28.465Z"}
{"level":"info","message":"Server running on port 8000","timestamp":"2025-02-09T21:53:29.634Z"}
{"level":"info","message":"Server running on port 8000","timestamp":"2025-02-09T21:53:37.942Z"}
{"level":"info","message":"Server running on port 8000","timestamp":"2025-02-09T21:53:49.972Z"}
{"level":"info","message":"Server running on port 8000","timestamp":"2025-02-09T21:53:55.220Z"}
{"level":"info","message":"Server running on port 8000","timestamp":"2025-02-09T21:53:57.216Z"}
{"level":"info","message":"Server running on port 8000","timestamp":"2025-02-09T21:53:59.754Z"}
{"level":"info","message":"Server running on port 8000","timestamp":"2025-02-09T21:54:07.029Z"}
{"level":"info","message":"Server running on port 8000","timestamp":"2025-02-09T21:54:10.411Z"}
{"level":"info","message":"Server running on port 8000","timestamp":"2025-02-09T21:54:18.687Z"}
{"level":"info","message":"Server running on port 8000","timestamp":"2025-02-09T21:54:25.643Z"}
{"level":"info","message":"Server running on port 8000","timestamp":"2025-02-09T21:55:08.208Z"}
{"level":"info","message":"Server running on port 8000","timestamp":"2025-02-09T21:55:21.974Z"}
{"level":"info","message":"Server running on port 8000","timestamp":"2025-02-09T21:55:31.134Z"}
{"level":"info","message":"Server running on port 8000","timestamp":"2025-02-09T21:55:39.561Z"}
{"level":"info","message":"Server running on port 8000","timestamp":"2025-02-09T21:55:44.403Z"}
{"level":"info","message":"Server running on port 8000","timestamp":"2025-02-09T21:55:48.069Z"}
{"level":"info","message":"Server running on port 8000","timestamp":"2025-02-09T21:55:49.901Z"}
{"level":"info","message":"Server running on port 8000","timestamp":"2025-02-09T21:55:52.834Z"}
{"level":"info","message":"Server running on port 8000","timestamp":"2025-02-09T21:55:54.431Z"}
{"level":"info","message":"Server running on port 8000","timestamp":"2025-02-09T21:56:17.516Z"}
{"level":"info","message":"Server running on port 8000","timestamp":"2025-02-09T21:56:23.418Z"}
{"level":"info","message":"Server running on port 8000","timestamp":"2025-02-09T21:56:39.226Z"}
{"level":"info","message":"Server running on port 8000","timestamp":"2025-02-09T21:56:56.692Z"}
{"level":"info","message":"Server running on port 8000","timestamp":"2025-02-09T21:57:07.519Z"}
{"level":"info","message":"Server running on port 8000","timestamp":"2025-02-09T21:57:14.762Z"}
{"level":"info","message":"Server running on port 8000","timestamp":"2025-02-09T21:57:17.689Z"}
{"level":"info","message":"Server running on port 8000","timestamp":"2025-02-09T21:57:21.770Z"}
{"level":"info","message":"Server running on port 8000","timestamp":"2025-02-09T21:57:45.657Z"}
{"level":"info","message":"Server running on port 8000","timestamp":"2025-02-09T21:57:51.180Z"}
{"level":"info","message":"Server running on port 8000","timestamp":"2025-02-09T21:57:52.609Z"}
{"level":"info","message":"Server running on port 8000","timestamp":"2025-02-09T22:53:01.589Z"}
{"level":"info","message":"Server running on port 8000","timestamp":"2025-02-09T22:53:08.585Z"}
{"level":"info","message":"Server running on port 8000","timestamp":"2025-02-09T22:53:35.191Z"}
{"level":"info","message":"Server running on port 8000","timestamp":"2025-02-09T22:53:40.676Z"}
{"level":"info","message":"Server running on port 8000","timestamp":"2025-02-09T22:53:43.675Z"}
{"level":"info","message":"Server running on port 8000","timestamp":"2025-02-09T22:53:46.665Z"}
{"level":"info","message":"Server running on port 8000","timestamp":"2025-02-09T22:53:54.378Z"}
{"level":"info","message":"Server running on port 8000","timestamp":"2025-02-09T22:53:58.288Z"}
{"level":"info","message":"Server running on port 8000","timestamp":"2025-02-09T22:54:01.404Z"}
{"level":"info","message":"Server running on port 8000","timestamp":"2025-02-09T22:55:17.789Z"}
{"level":"info","message":"Server running on port 8000","timestamp":"2025-02-09T22:55:20.361Z"}
{"level":"info","message":"Server running on port 8000","timestamp":"2025-02-09T22:55:28.592Z"}
{"level":"info","message":"Server running on port 8000","timestamp":"2025-02-09T22:56:06.160Z"}
{"level":"info","message":"Server running on port 8000","timestamp":"2025-02-09T22:56:07.881Z"}
{"level":"info","message":"Server running on port 8000","timestamp":"2025-02-09T22:56:11.581Z"}
{"level":"info","message":"Server running on port 8000","timestamp":"2025-02-09T22:56:13.901Z"}
{"level":"info","message":"Server running on port 8000","timestamp":"2025-02-09T22:56:17.066Z"}
{"level":"info","message":"Server running on port 8000","timestamp":"2025-02-09T22:56:19.906Z"}
{"level":"info","message":"Server running on port 8000","timestamp":"2025-02-09T22:56:22.925Z"}
{"level":"info","message":"Server running on port 8000","timestamp":"2025-02-09T22:56:26.621Z"}
{"level":"info","message":"Server running on port 8000","timestamp":"2025-02-09T22:56:31.103Z"}
{"level":"info","message":"Server running on port 8000","timestamp":"2025-02-09T22:56:37.193Z"}
{"level":"info","message":"Server running on port 8000","timestamp":"2025-02-09T22:56:39.587Z"}
{"level":"info","message":"Server running on port 8000","timestamp":"2025-02-09T22:56:41.317Z"}
{"level":"info","message":"Server running on port 8000","timestamp":"2025-02-09T22:56:43.442Z"}
{"level":"info","message":"Server running on port 8000","timestamp":"2025-02-09T22:56:45.702Z"}
{"level":"info","message":"Server running on port 8000","timestamp":"2025-02-09T22:56:47.010Z"}
{"level":"info","message":"Server running on port 8000","timestamp":"2025-02-09T22:56:49.121Z"}
{"level":"info","message":"Server running on port 8000","timestamp":"2025-02-09T22:58:13.744Z"}
{"level":"info","message":"Server running on port 8000","timestamp":"2025-02-09T22:58:19.621Z"}
{"level":"info","message":"Server running on port 8000","timestamp":"2025-02-09T22:58:21.489Z"}
{"level":"info","message":"Server running on port 8000","timestamp":"2025-02-09T22:58:25.098Z"}
{"level":"info","message":"Server running on port 8000","timestamp":"2025-02-09T22:58:26.256Z"}
{"level":"info","message":"Server running on port 8000","timestamp":"2025-02-09T23:00:59.842Z"}
{"level":"info","message":"Server running on port 8000","timestamp":"2025-02-10T02:13:27.993Z"}
{"level":"info","message":"Server running on port 8000","timestamp":"2025-02-10T02:16:02.780Z"}
{"level":"info","message":"Server running on port 8000","timestamp":"2025-02-10T02:16:04.414Z"}
{"level":"info","message":"Server running on port 8000","timestamp":"2025-02-10T02:16:20.299Z"}
{"level":"info","message":"Server running on port 8000","timestamp":"2025-02-10T02:16:22.834Z"}
{"level":"info","message":"Server running on port 8000","timestamp":"2025-02-10T02:16:30.896Z"}
{"level":"info","message":"Server running on port 8000","timestamp":"2025-02-10T02:16:45.291Z"}
{"level":"info","message":"Server running on port 8000","timestamp":"2025-02-10T02:16:54.726Z"}
{"level":"info","message":"Server running on port 8000","timestamp":"2025-02-10T02:17:03.149Z"}
{"level":"info","message":"Server running on port 8000","timestamp":"2025-02-10T02:17:06.915Z"}
{"level":"info","message":"Server running on port 8000","timestamp":"2025-02-10T02:17:10.457Z"}
{"level":"info","message":"Server running on port 8000","timestamp":"2025-02-10T02:17:16.386Z"}
{"level":"info","message":"Server running on port 8000","timestamp":"2025-02-10T02:17:18.374Z"}
{"level":"info","message":"Server running on port 8000","timestamp":"2025-02-10T02:17:33.682Z"}
{"level":"info","message":"Server running on port 8000","timestamp":"2025-02-10T02:17:38.401Z"}
{"level":"info","message":"Server running on port 8000","timestamp":"2025-02-10T02:17:39.906Z"}
{"level":"info","message":"Server running on port 8000","timestamp":"2025-02-10T02:17:43.011Z"}
{"level":"info","message":"Server running on port 8000","timestamp":"2025-02-10T02:17:45.039Z"}
{"level":"info","message":"Server running on port 8000","timestamp":"2025-02-10T02:17:47.668Z"}
{"level":"info","message":"Server running on port 8000","timestamp":"2025-02-10T02:17:53.256Z"}
{"level":"info","message":"Server running on port 8000","timestamp":"2025-02-10T02:18:00.727Z"}
{"level":"info","message":"Server running on port 8000","timestamp":"2025-02-10T02:18:03.334Z"}
{"level":"info","message":"Server running on port 8000","timestamp":"2025-02-10T02:19:04.846Z"}
{"level":"info","message":"Server running on port 8000","timestamp":"2025-02-10T10:13:56.003Z"}
{"level":"info","message":"Server running on port 8000","timestamp":"2025-02-10T10:35:40.357Z"}
{"level":"info","message":"Server running on port 8000","timestamp":"2025-02-10T10:37:25.848Z"}
{"level":"info","message":"Server running on port 8000","timestamp":"2025-02-10T10:37:27.992Z"}
{"level":"info","message":"Server running on port 8000","timestamp":"2025-02-10T10:37:30.888Z"}
{"level":"info","message":"Server running on port 8000","timestamp":"2025-02-10T10:37:37.388Z"}
{"level":"info","message":"Server running on port 8000","timestamp":"2025-02-10T10:37:41.557Z"}
{"level":"info","message":"Server running on port 8000","timestamp":"2025-02-10T10:37:44.777Z"}
{"level":"info","message":"Server running on port 8000","timestamp":"2025-02-10T10:37:47.801Z"}
{"level":"info","message":"Server running on port 8000","timestamp":"2025-02-10T10:37:49.758Z"}
{"level":"info","message":"Server running on port 8000","timestamp":"2025-02-10T10:37:52.194Z"}
{"level":"info","message":"Server running on port 8000","timestamp":"2025-02-10T10:38:20.823Z"}
{"level":"info","message":"Server running on port 8000","timestamp":"2025-02-10T10:38:22.997Z"}
{"level":"info","message":"Server running on port 8000","timestamp":"2025-02-10T10:38:25.459Z"}
{"level":"info","message":"Server running on port 8000","timestamp":"2025-02-10T10:38:35.191Z"}
{"level":"info","message":"Server running on port 8000","timestamp":"2025-02-10T10:38:37.304Z"}
{"level":"info","message":"Server running on port 8000","timestamp":"2025-02-10T10:38:42.040Z"}
{"level":"info","message":"Server running on port 8000","timestamp":"2025-02-10T10:39:07.916Z"}
{"level":"info","message":"Server running on port 8000","timestamp":"2025-02-10T10:39:29.517Z"}
{"level":"info","message":"Server running on port 8000","timestamp":"2025-02-10T10:39:34.023Z"}
{"level":"info","message":"Server running on port 8000","timestamp":"2025-02-10T10:39:43.250Z"}
{"level":"info","message":"Server running on port 8000","timestamp":"2025-02-10T10:43:31.033Z"}
{"level":"info","message":"Server running on port 8000","timestamp":"2025-02-10T10:43:42.478Z"}
{"level":"info","message":"Server running on port 8000","timestamp":"2025-02-10T10:48:10.531Z"}
{"level":"info","message":"Server running on port 8000","timestamp":"2025-02-10T10:48:49.595Z"}
{"level":"info","message":"Server running on port 8000","timestamp":"2025-02-10T10:48:52.262Z"}
{"level":"info","message":"Server running on port 8000","timestamp":"2025-02-10T10:49:06.247Z"}
{"level":"info","message":"Server running on port 8000","timestamp":"2025-02-10T10:49:31.768Z"}
{"level":"info","message":"Server running on port 8000","timestamp":"2025-02-10T10:51:11.103Z"}
{"level":"info","message":"Server running on port 8000","timestamp":"2025-02-10T10:51:14.134Z"}
{"level":"info","message":"Server running on port 8000","timestamp":"2025-02-10T10:51:18.589Z"}
{"level":"info","message":"Server running on port 8000","timestamp":"2025-02-10T10:51:28.067Z"}
{"level":"info","message":"Server running on port 8000","timestamp":"2025-02-10T10:51:29.537Z"}
{"level":"info","message":"Server running on port 8000","timestamp":"2025-02-10T10:52:33.829Z"}
{"level":"info","message":"Server running on port 8000","timestamp":"2025-02-10T10:52:42.825Z"}
{"level":"info","message":"Server running on port 8000","timestamp":"2025-02-10T10:55:27.381Z"}
{"level":"info","message":"Server running on port 8000","timestamp":"2025-02-10T10:57:47.243Z"}
{"level":"info","message":"Server running on port 8000","timestamp":"2025-02-10T10:58:00.305Z"}
{"level":"info","message":"Server running on port 8000","timestamp":"2025-02-10T10:58:59.764Z"}
{"level":"info","message":"Server running on port 8000","timestamp":"2025-02-10T10:59:03.345Z"}
{"level":"info","message":"Server running on port 8000","timestamp":"2025-02-10T10:59:06.716Z"}
{"level":"info","message":"Server running on port 8000","timestamp":"2025-02-10T10:59:09.295Z"}
{"level":"info","message":"Server running on port 8000","timestamp":"2025-02-10T10:59:12.143Z"}
{"level":"info","message":"::1 - - [10/Feb/2025:10:59:20 +0000] \"POST /walkietalkie/auth/signup HTTP/1.1\" 201 333 \"-\" \"PostmanRuntime/7.43.0\"","timestamp":"2025-02-10T10:59:20.463Z"}
{"level":"info","message":"Server running on port 8000","timestamp":"2025-02-10T10:59:48.415Z"}
{"level":"info","message":"Server running on port 8000","timestamp":"2025-02-10T11:00:08.611Z"}
{"level":"info","message":"Server running on port 8000","timestamp":"2025-02-10T11:03:08.571Z"}
{"level":"info","message":"Server running on port 8000","timestamp":"2025-02-10T11:03:17.920Z"}
{"level":"info","message":"Server running on port 8000","timestamp":"2025-02-10T11:03:18.971Z"}
{"level":"info","message":"Server running on port 8000","timestamp":"2025-02-10T11:03:21.162Z"}
{"level":"info","message":"Server running on port 8000","timestamp":"2025-02-10T11:03:28.152Z"}
{"level":"info","message":"Server running on port 8000","timestamp":"2025-02-10T11:03:37.026Z"}
{"level":"info","message":"Server running on port 8000","timestamp":"2025-02-10T11:03:45.831Z"}
{"level":"info","message":"Server running on port 8000","timestamp":"2025-02-10T11:03:49.827Z"}
{"level":"info","message":"Server running on port 8000","timestamp":"2025-02-10T11:03:59.595Z"}
{"level":"info","message":"Server running on port 8000","timestamp":"2025-02-10T11:04:03.810Z"}
{"level":"info","message":"Server running on port 8000","timestamp":"2025-02-10T11:04:08.168Z"}
{"level":"info","message":"Server running on port 8000","timestamp":"2025-02-10T11:04:12.168Z"}
{"level":"info","message":"Server running on port 8000","timestamp":"2025-02-10T11:04:19.284Z"}
{"level":"info","message":"Server running on port 8000","timestamp":"2025-02-10T11:04:20.489Z"}
{"level":"info","message":"Server running on port 8000","timestamp":"2025-02-10T11:25:39.710Z"}
{"level":"info","message":"Server running on port 8000","timestamp":"2025-02-10T11:28:25.406Z"}
{"level":"info","message":"Server running on port 8000","timestamp":"2025-02-10T11:43:46.563Z"}
{"level":"info","message":"Server running on port 8000","timestamp":"2025-02-10T11:43:54.586Z"}
{"level":"info","message":"Server running on port 8000","timestamp":"2025-02-10T11:44:07.385Z"}
{"level":"info","message":"Server running on port 8000","timestamp":"2025-02-10T11:44:10.765Z"}
{"level":"info","message":"Server running on port 8000","timestamp":"2025-02-10T11:44:14.486Z"}
{"level":"info","message":"Server running on port 8000","timestamp":"2025-02-10T11:44:15.708Z"}
{"level":"info","message":"Server running on port 8000","timestamp":"2025-02-10T11:44:17.667Z"}
{"level":"info","message":"Server running on port 8000","timestamp":"2025-02-10T11:44:38.950Z"}
{"level":"info","message":"Server running on port 8000","timestamp":"2025-02-10T11:44:43.207Z"}
{"level":"info","message":"Server running on port 8000","timestamp":"2025-02-10T11:44:46.631Z"}
{"level":"info","message":"Server running on port 8000","timestamp":"2025-02-10T11:46:01.612Z"}
{"level":"info","message":"Server running on port 8000","timestamp":"2025-02-10T11:46:06.580Z"}
{"level":"info","message":"Server running on port 8000","timestamp":"2025-02-10T11:46:14.006Z"}
{"level":"info","message":"Server running on port 8000","timestamp":"2025-02-10T11:46:20.354Z"}
{"level":"info","message":"Server running on port 8000","timestamp":"2025-02-10T11:46:31.646Z"}
{"level":"info","message":"Server running on port 8000","timestamp":"2025-02-10T11:46:35.717Z"}
{"level":"info","message":"Server running on port 8000","timestamp":"2025-02-10T11:46:40.265Z"}
{"level":"info","message":"Server running on port 8000","timestamp":"2025-02-10T11:46:41.474Z"}
{"level":"info","message":"Server running on port 8000","timestamp":"2025-02-10T12:09:28.640Z"}
{"level":"info","message":"Server running on port 8000","timestamp":"2025-02-10T12:09:34.246Z"}
{"level":"info","message":"Server running on port 8000","timestamp":"2025-02-10T12:09:36.810Z"}
{"level":"info","message":"Server running on port 8000","timestamp":"2025-02-10T12:09:38.611Z"}
{"level":"info","message":"Server running on port 8000","timestamp":"2025-02-10T12:10:28.515Z"}
{"level":"info","message":"Server running on port 8000","timestamp":"2025-02-10T12:10:34.202Z"}
{"level":"info","message":"Server running on port 8000","timestamp":"2025-02-10T12:10:53.774Z"}
{"level":"info","message":"Server running on port 8000","timestamp":"2025-02-10T12:10:56.805Z"}
{"level":"info","message":"Server running on port 8000","timestamp":"2025-02-10T12:10:59.387Z"}
{"level":"info","message":"Server running on port 8000","timestamp":"2025-02-10T12:11:07.446Z"}
{"level":"info","message":"Server running on port 8000","timestamp":"2025-02-10T12:11:12.275Z"}
{"level":"info","message":"Server running on port 8000","timestamp":"2025-02-10T12:12:43.833Z"}
{"level":"info","message":"Server running on port 8000","timestamp":"2025-02-10T12:12:46.758Z"}
{"level":"info","message":"Server running on port 8000","timestamp":"2025-02-10T12:12:51.120Z"}
{"level":"info","message":"Server running on port 8000","timestamp":"2025-02-10T12:12:55.611Z"}
{"level":"info","message":"Server running on port 8000","timestamp":"2025-02-10T12:12:59.541Z"}
{"level":"info","message":"Server running on port 8000","timestamp":"2025-02-10T12:13:11.005Z"}
{"level":"info","message":"Server running on port 8000","timestamp":"2025-02-10T12:13:14.574Z"}
{"level":"info","message":"Server running on port 8000","timestamp":"2025-02-10T12:13:18.038Z"}
{"level":"info","message":"Server running on port 8000","timestamp":"2025-02-10T12:13:20.597Z"}
{"level":"info","message":"Server running on port 8000","timestamp":"2025-02-10T12:13:25.002Z"}
{"level":"info","message":"Server running on port 8000","timestamp":"2025-02-10T12:13:27.231Z"}
{"level":"info","message":"Server running on port 8000","timestamp":"2025-02-10T12:13:29.906Z"}
{"level":"info","message":"Server running on port 8000","timestamp":"2025-02-10T12:13:35.970Z"}
{"level":"info","message":"Server running on port 8000","timestamp":"2025-02-10T12:13:41.086Z"}
{"level":"info","message":"Server running on port 8000","timestamp":"2025-02-10T12:13:45.196Z"}
{"level":"info","message":"Server running on port 8000","timestamp":"2025-02-10T12:13:54.191Z"}
{"level":"info","message":"Server running on port 8000","timestamp":"2025-02-10T12:13:56.350Z"}
{"level":"info","message":"Server running on port 8000","timestamp":"2025-02-10T12:14:01.347Z"}
{"level":"info","message":"Server running on port 8000","timestamp":"2025-02-10T12:14:04.132Z"}
{"level":"info","message":"Server running on port 8000","timestamp":"2025-02-10T12:14:11.426Z"}
{"level":"info","message":"Server running on port 8000","timestamp":"2025-02-10T12:14:19.058Z"}
{"level":"info","message":"Server running on port 8000","timestamp":"2025-02-10T12:14:21.141Z"}
{"level":"info","message":"Server running on port 8000","timestamp":"2025-02-10T12:14:28.566Z"}
{"level":"info","message":"Server running on port 8000","timestamp":"2025-02-10T12:14:34.841Z"}
{"level":"info","message":"Server running on port 8000","timestamp":"2025-02-10T12:15:00.186Z"}
{"level":"info","message":"Server running on port 8000","timestamp":"2025-02-10T12:15:12.781Z"}
{"level":"info","message":"Server running on port 8000","timestamp":"2025-02-10T12:15:14.569Z"}
{"level":"info","message":"Server running on port 8000","timestamp":"2025-02-10T12:15:29.735Z"}
{"level":"info","message":"Server running on port 8000","timestamp":"2025-02-10T12:15:39.753Z"}
{"level":"info","message":"Server running on port 8000","timestamp":"2025-02-10T12:15:47.079Z"}
{"level":"info","message":"Server running on port 8000","timestamp":"2025-02-10T12:16:05.750Z"}
{"level":"info","message":"Server running on port 8000","timestamp":"2025-02-10T12:22:30.930Z"}
{"level":"info","message":"Server running on port 8000","timestamp":"2025-02-10T12:22:35.091Z"}
{"level":"info","message":"Server running on port 8000","timestamp":"2025-02-10T12:22:36.902Z"}
{"level":"info","message":"Server running on port 8000","timestamp":"2025-02-10T12:22:42.631Z"}
{"level":"info","message":"Server running on port 8000","timestamp":"2025-02-10T12:22:55.121Z"}
{"level":"info","message":"Server running on port 8000","timestamp":"2025-02-10T12:22:56.339Z"}
{"level":"info","message":"Server running on port 8000","timestamp":"2025-02-10T12:22:59.938Z"}
{"level":"info","message":"Server running on port 8000","timestamp":"2025-02-10T12:23:03.959Z"}
{"level":"info","message":"Server running on port 8000","timestamp":"2025-02-10T12:23:08.034Z"}
{"level":"info","message":"Server running on port 8000","timestamp":"2025-02-10T12:23:13.286Z"}
{"level":"info","message":"Server running on port 8000","timestamp":"2025-02-10T12:23:18.835Z"}
{"level":"info","message":"Server running on port 8000","timestamp":"2025-02-10T12:23:28.395Z"}
{"level":"info","message":"Server running on port 8000","timestamp":"2025-02-10T12:23:39.430Z"}
{"level":"info","message":"Server running on port 8000","timestamp":"2025-02-10T12:23:44.583Z"}
{"level":"info","message":"Server running on port 8000","timestamp":"2025-02-10T12:23:51.672Z"}
{"level":"info","message":"Server running on port 8000","timestamp":"2025-02-10T12:23:56.755Z"}
{"level":"info","message":"Server running on port 8000","timestamp":"2025-02-10T12:24:04.369Z"}
{"level":"info","message":"Server running on port 8000","timestamp":"2025-02-10T12:24:06.675Z"}
{"level":"info","message":"Server running on port 8000","timestamp":"2025-02-10T12:24:10.235Z"}
{"level":"info","message":"Server running on port 8000","timestamp":"2025-02-10T12:24:49.467Z"}
{"level":"info","message":"Server running on port 8000","timestamp":"2025-02-10T12:24:54.885Z"}
{"level":"info","message":"Server running on port 8000","timestamp":"2025-02-10T12:24:56.454Z"}
{"level":"info","message":"Server running on port 8000","timestamp":"2025-02-10T12:25:01.774Z"}
{"level":"info","message":"Server running on port 8000","timestamp":"2025-02-10T12:25:05.146Z"}
{"level":"info","message":"Server running on port 8000","timestamp":"2025-02-10T12:25:13.633Z"}
{"level":"info","message":"Server running on port 8000","timestamp":"2025-02-10T12:25:17.992Z"}
{"level":"info","message":"Server running on port 8000","timestamp":"2025-02-10T12:25:23.620Z"}
{"level":"info","message":"::1 - - [10/Feb/2025:12:26:50 +0000] \"POST /walkietalkie/auth/login HTTP/1.1\" 500 66 \"-\" \"PostmanRuntime/7.43.0\"","timestamp":"2025-02-10T12:26:50.122Z"}
{"level":"info","message":"Generated Token","timestamp":"2025-02-10T12:30:15.152Z"}
{"level":"info","message":"::1 - - [10/Feb/2025:12:30:15 +0000] \"POST /walkietalkie/auth/signup HTTP/1.1\" 201 326 \"-\" \"PostmanRuntime/7.43.0\"","timestamp":"2025-02-10T12:30:15.239Z"}
{"level":"info","message":"::1 - - [10/Feb/2025:12:30:39 +0000] \"POST /walkietalkie/auth/login HTTP/1.1\" 500 66 \"-\" \"PostmanRuntime/7.43.0\"","timestamp":"2025-02-10T12:30:39.801Z"}
{"level":"info","message":"::1 - - [10/Feb/2025:12:31:09 +0000] \"POST /walkietalkie/auth/login HTTP/1.1\" 500 66 \"-\" \"PostmanRuntime/7.43.0\"","timestamp":"2025-02-10T12:31:09.525Z"}
{"level":"info","message":"Server running on port 8000","timestamp":"2025-02-10T12:31:26.264Z"}
{"level":"info","message":"Server running on port 8000","timestamp":"2025-02-10T12:31:58.926Z"}
{"level":"info","message":"Generated Token","timestamp":"2025-02-10T12:32:15.143Z"}
{"level":"info","message":"::1 - - [10/Feb/2025:12:32:15 +0000] \"POST /walkietalkie/auth/login HTTP/1.1\" 201 141 \"-\" \"PostmanRuntime/7.43.0\"","timestamp":"2025-02-10T12:32:15.153Z"}
{"level":"info","message":"LoggedOut Succefully","timestamp":"2025-02-10T12:36:56.742Z"}
{"level":"info","message":"::1 - - [10/Feb/2025:12:36:56 +0000] \"POST /walkietalkie/auth/logout HTTP/1.1\" 200 52 \"-\" \"PostmanRuntime/7.43.0\"","timestamp":"2025-02-10T12:36:56.744Z"}
{"level":"info","message":"Server running on port 8000","timestamp":"2025-02-10T12:44:35.344Z"}
{"level":"info","message":"Server running on port 8000","timestamp":"2025-02-10T12:46:01.370Z"}
{"level":"info","message":"Server running on port 8000","timestamp":"2025-02-10T12:48:53.365Z"}
{"level":"info","message":"Server running on port 8000","timestamp":"2025-02-10T12:54:41.170Z"}
{"level":"info","message":"Server running on port 8000","timestamp":"2025-02-10T12:54:51.328Z"}
{"level":"info","message":"Server running on port 8000","timestamp":"2025-02-10T12:54:56.068Z"}
{"level":"info","message":"Server running on port 8000","timestamp":"2025-02-10T12:54:57.994Z"}
{"level":"info","message":"Server running on port 8000","timestamp":"2025-02-10T12:54:59.060Z"}
{"level":"info","message":"Server running on port 8000","timestamp":"2025-02-10T12:55:10.522Z"}
{"level":"info","message":"Server running on port 8000","timestamp":"2025-02-10T12:55:16.167Z"}
{"level":"info","message":"Server running on port 8000","timestamp":"2025-02-10T12:55:18.141Z"}
{"level":"info","message":"Server running on port 8000","timestamp":"2025-02-10T12:55:19.860Z"}
{"level":"info","message":"Server running on port 8000","timestamp":"2025-02-10T12:55:22.433Z"}
{"level":"info","message":"Server running on port 8000","timestamp":"2025-02-10T12:55:50.618Z"}
{"level":"info","message":"Server running on port 8000","timestamp":"2025-02-10T12:55:54.114Z"}
{"level":"info","message":"Server running on port 8000","timestamp":"2025-02-10T12:56:12.792Z"}
{"level":"info","message":"Server running on port 8000","timestamp":"2025-02-10T12:56:14.348Z"}
{"level":"info","message":"Server running on port 8000","timestamp":"2025-02-10T12:56:19.580Z"}
{"level":"info","message":"Server running on port 8000","timestamp":"2025-02-10T12:56:21.643Z"}
{"level":"info","message":"Server running on port 8000","timestamp":"2025-02-10T12:56:28.962Z"}
{"level":"info","message":"Server running on port 8000","timestamp":"2025-02-10T12:56:31.677Z"}
{"level":"info","message":"Server running on port 8000","timestamp":"2025-02-10T12:56:33.401Z"}
{"level":"info","message":"Server running on port 8000","timestamp":"2025-02-10T12:56:36.451Z"}
{"level":"info","message":"Server running on port 8000","timestamp":"2025-02-10T12:56:42.582Z"}
{"level":"info","message":"Server running on port 8000","timestamp":"2025-02-10T12:56:47.604Z"}
{"level":"info","message":"Server running on port 8000","timestamp":"2025-02-10T12:56:49.056Z"}
{"level":"info","message":"Server running on port 8000","timestamp":"2025-02-10T12:56:52.218Z"}
{"level":"info","message":"Server running on port 8000","timestamp":"2025-02-10T12:56:57.890Z"}
{"level":"info","message":"Server running on port 8000","timestamp":"2025-02-10T12:57:05.051Z"}
{"level":"info","message":"Server running on port 8000","timestamp":"2025-02-10T12:57:10.132Z"}
{"level":"info","message":"Server running on port 8000","timestamp":"2025-02-10T12:57:11.401Z"}
{"level":"info","message":"Server running on port 8000","timestamp":"2025-02-10T12:57:13.476Z"}
{"level":"info","message":"Server running on port 8000","timestamp":"2025-02-10T12:57:19.115Z"}
{"level":"info","message":"Server running on port 8000","timestamp":"2025-02-10T12:57:24.632Z"}
{"level":"info","message":"Server running on port 8000","timestamp":"2025-02-10T12:57:27.379Z"}
{"level":"info","message":"Server running on port 8000","timestamp":"2025-02-10T12:57:32.594Z"}
{"level":"info","message":"Server running on port 8000","timestamp":"2025-02-10T12:57:37.387Z"}
{"level":"info","message":"Server running on port 8000","timestamp":"2025-02-10T12:57:47.447Z"}
{"level":"info","message":"Server running on port 8000","timestamp":"2025-02-10T12:58:46.372Z"}
{"level":"info","message":"Server running on port 8000","timestamp":"2025-02-10T12:58:56.557Z"}
{"level":"info","message":"Server running on port 8000","timestamp":"2025-02-10T12:58:57.827Z"}
{"level":"info","message":"Server running on port 8000","timestamp":"2025-02-10T13:00:02.254Z"}
{"level":"info","message":"Server running on port 8000","timestamp":"2025-02-10T13:00:03.553Z"}
{"level":"info","message":"Server running on port 8000","timestamp":"2025-02-10T13:00:13.107Z"}
{"level":"info","message":"Server running on port 8000","timestamp":"2025-02-10T13:00:27.079Z"}
{"level":"info","message":"Server running on port 8000","timestamp":"2025-02-10T13:00:29.736Z"}
{"level":"info","message":"Server running on port 8000","timestamp":"2025-02-10T13:00:35.534Z"}
{"level":"info","message":"Server running on port 8000","timestamp":"2025-02-10T13:00:37.203Z"}
{"level":"info","message":"Server running on port 8000","timestamp":"2025-02-10T13:00:46.494Z"}
{"level":"info","message":"Server running on port 8000","timestamp":"2025-02-10T13:00:50.661Z"}
{"level":"info","message":"Server running on port 8000","timestamp":"2025-02-10T13:00:54.007Z"}
{"level":"info","message":"Server running on port 8000","timestamp":"2025-02-10T13:00:56.263Z"}
{"level":"info","message":"Server running on port 8000","timestamp":"2025-02-10T13:01:03.483Z"}
{"level":"info","message":"Server running on port 8000","timestamp":"2025-02-10T13:01:06.121Z"}
{"level":"info","message":"Server running on port 8000","timestamp":"2025-02-10T13:01:31.134Z"}
{"level":"info","message":"Server running on port 8000","timestamp":"2025-02-10T13:01:37.839Z"}
{"level":"info","message":"Server running on port 8000","timestamp":"2025-02-10T13:01:40.454Z"}
{"level":"info","message":"Server running on port 8000","timestamp":"2025-02-10T13:01:44.404Z"}
{"level":"info","message":"Server running on port 8000","timestamp":"2025-02-10T13:01:49.530Z"}
{"level":"info","message":"Server running on port 8000","timestamp":"2025-02-10T13:01:53.936Z"}
{"level":"info","message":"Server running on port 8000","timestamp":"2025-02-10T13:01:58.950Z"}
{"level":"info","message":"Server running on port 8000","timestamp":"2025-02-10T13:02:01.656Z"}
{"level":"info","message":"Server running on port 8000","timestamp":"2025-02-10T13:02:49.169Z"}
{"level":"info","message":"Server running on port 8000","timestamp":"2025-02-10T13:02:56.142Z"}
{"level":"info","message":"Server running on port 8000","timestamp":"2025-02-10T13:03:00.129Z"}
{"level":"info","message":"Server running on port 8000","timestamp":"2025-02-10T13:04:23.761Z"}
{"level":"info","message":"Server running on port 8000","timestamp":"2025-02-10T13:04:29.281Z"}
{"level":"info","message":"Server running on port 8000","timestamp":"2025-02-10T13:04:31.104Z"}
{"level":"info","message":"Server running on port 8000","timestamp":"2025-02-10T13:04:40.577Z"}
{"level":"info","message":"Server running on port 8000","timestamp":"2025-02-10T13:04:47.716Z"}
{"level":"info","message":"Server running on port 8000","timestamp":"2025-02-10T13:04:49.537Z"}
{"level":"info","message":"Server running on port 8000","timestamp":"2025-02-10T13:04:53.909Z"}
{"level":"info","message":"Server running on port 8000","timestamp":"2025-02-10T13:05:48.357Z"}
{"level":"info","message":"Server running on port 8000","timestamp":"2025-02-10T13:05:50.092Z"}
{"level":"info","message":"Server running on port 8000","timestamp":"2025-02-10T13:05:51.299Z"}
{"level":"info","message":"Server running on port 8000","timestamp":"2025-02-10T13:05:54.789Z"}
{"level":"info","message":"Server running on port 8000","timestamp":"2025-02-10T13:39:32.602Z"}
{"level":"info","message":"Server running on port 8000","timestamp":"2025-02-10T13:39:46.692Z"}
{"level":"info","message":"Server running on port 8000","timestamp":"2025-02-10T13:39:51.710Z"}
{"level":"info","message":"Server running on port 8000","timestamp":"2025-02-10T13:39:57.178Z"}
{"level":"info","message":"Server running on port 8000","timestamp":"2025-02-10T13:40:00.890Z"}
{"level":"info","message":"Server running on port 8000","timestamp":"2025-02-10T13:40:17.438Z"}
{"level":"info","message":"Server running on port 8000","timestamp":"2025-02-10T13:40:26.472Z"}
{"level":"info","message":"Server running on port 8000","timestamp":"2025-02-10T13:40:30.147Z"}
{"level":"info","message":"Server running on port 8000","timestamp":"2025-02-10T13:40:36.347Z"}
{"level":"info","message":"Server running on port 8000","timestamp":"2025-02-10T13:40:42.083Z"}
{"level":"info","message":"Server running on port 8000","timestamp":"2025-02-10T13:41:07.064Z"}
{"level":"info","message":"Server running on port 8000","timestamp":"2025-02-10T13:41:20.724Z"}
{"level":"info","message":"Server running on port 8000","timestamp":"2025-02-10T13:41:23.694Z"}
{"level":"info","message":"Server running on port 8000","timestamp":"2025-02-10T13:41:32.198Z"}
{"level":"info","message":"Server running on port 8000","timestamp":"2025-02-10T13:41:37.568Z"}
{"level":"info","message":"Server running on port 8000","timestamp":"2025-02-10T13:41:47.276Z"}
{"level":"info","message":"Server running on port 8000","timestamp":"2025-02-10T13:41:52.181Z"}
{"level":"info","message":"Server running on port 8000","timestamp":"2025-02-10T13:41:55.091Z"}
{"level":"info","message":"Server running on port 8000","timestamp":"2025-02-10T13:42:01.395Z"}
{"level":"info","message":"Server running on port 8000","timestamp":"2025-02-10T13:42:05.062Z"}
{"level":"info","message":"Server running on port 8000","timestamp":"2025-02-10T13:42:51.477Z"}
{"level":"info","message":"Server running on port 8000","timestamp":"2025-02-10T13:42:54.517Z"}
{"level":"info","message":"Server running on port 8000","timestamp":"2025-02-10T13:42:56.171Z"}
{"level":"info","message":"Server running on port 8000","timestamp":"2025-02-13T20:13:53.433Z"}
{"level":"info","message":"::1 - - [13/Feb/2025:20:15:23 +0000] \"GET /walkietalkie/update_profile HTTP/1.1\" 404 166 \"-\" \"PostmanRuntime/7.39.1\"","timestamp":"2025-02-13T20:15:23.763Z"}
{"level":"info","message":"::1 - - [13/Feb/2025:20:15:34 +0000] \"PUT /walkietalkie/update_profile HTTP/1.1\" 404 166 \"-\" \"PostmanRuntime/7.39.1\"","timestamp":"2025-02-13T20:15:34.751Z"}
{"level":"info","message":"Server running on port 8000","timestamp":"2025-02-13T20:17:58.101Z"}
{"level":"info","message":"Server running on port 8000","timestamp":"2025-02-13T20:18:03.205Z"}
{"level":"info","message":"Server running on port 8000","timestamp":"2025-02-13T20:18:10.244Z"}
{"level":"info","message":"Server running on port 8000","timestamp":"2025-02-13T20:18:12.394Z"}
{"level":"info","message":"Server running on port 8000","timestamp":"2025-02-13T20:18:27.314Z"}
{"level":"info","message":"Server running on port 8000","timestamp":"2025-02-13T20:18:40.936Z"}
{"level":"info","message":"Server running on port 8000","timestamp":"2025-02-13T20:18:52.929Z"}
{"level":"info","message":"Server running on port 8000","timestamp":"2025-02-13T20:18:58.664Z"}
{"level":"info","message":"Server running on port 8000","timestamp":"2025-02-13T20:19:11.142Z"}
{"level":"info","message":"Server running on port 8000","timestamp":"2025-02-13T20:19:17.641Z"}
{"level":"info","message":"Server running on port 8000","timestamp":"2025-02-13T20:19:20.289Z"}
{"level":"info","message":"Server running on port 8000","timestamp":"2025-02-13T20:19:25.587Z"}
{"level":"info","message":"Server running on port 8000","timestamp":"2025-02-13T20:19:32.723Z"}
{"level":"info","message":"Server running on port 8000","timestamp":"2025-02-13T20:20:04.592Z"}
{"level":"info","message":"Server running on port 8000","timestamp":"2025-02-13T20:20:13.866Z"}
{"level":"info","message":"Server running on port 8000","timestamp":"2025-02-13T20:20:17.846Z"}
{"level":"info","message":"::1 - - [13/Feb/2025:20:22:38 +0000] \"GET /walkietalkie/auth/signup HTTP/1.1\" 404 163 \"-\" \"PostmanRuntime/7.39.1\"","timestamp":"2025-02-13T20:22:38.220Z"}
{"level":"info","message":"Generated Token","timestamp":"2025-02-13T20:22:45.132Z"}
{"level":"info","message":"::1 - - [13/Feb/2025:20:22:45 +0000] \"POST /walkietalkie/auth/signup HTTP/1.1\" 201 320 \"-\" \"PostmanRuntime/7.39.1\"","timestamp":"2025-02-13T20:22:45.344Z"}
{"level":"info","message":"Server running on port 8000","timestamp":"2025-02-13T20:23:24.019Z"}
{"level":"info","message":"Server running on port 8000","timestamp":"2025-02-13T20:23:31.232Z"}
{"level":"info","message":"Server running on port 8000","timestamp":"2025-02-13T20:23:36.086Z"}
{"level":"info","message":"Server running on port 8000","timestamp":"2025-02-13T20:23:40.602Z"}
{"level":"info","message":"Server running on port 8000","timestamp":"2025-02-13T20:23:42.131Z"}
{"level":"info","message":"::1 - - [13/Feb/2025:20:23:54 +0000] \"POST /walkietalkie/auth/check HTTP/1.1\" 404 163 \"-\" \"PostmanRuntime/7.39.1\"","timestamp":"2025-02-13T20:23:54.310Z"}
{"level":"info","message":"Authentification started","timestamp":"2025-02-13T20:23:58.645Z"}
{"level":"info","message":"Cannot read properties of undefined (reading 'token_key')","timestamp":"2025-02-13T20:23:58.646Z"}
{"level":"info","message":"::1 - - [13/Feb/2025:20:23:58 +0000] \"GET /walkietalkie/auth/check HTTP/1.1\" 500 87 \"-\" \"PostmanRuntime/7.39.1\"","timestamp":"2025-02-13T20:23:58.648Z"}
{"level":"info","message":"Server running on port 8000","timestamp":"2025-02-13T20:26:48.687Z"}
{"level":"info","message":"Server running on port 8000","timestamp":"2025-02-13T20:26:53.973Z"}
{"level":"info","message":"::1 - - [13/Feb/2025:20:26:58 +0000] \"GET /walkietalkie/auth/signup HTTP/1.1\" 404 163 \"-\" \"PostmanRuntime/7.39.1\"","timestamp":"2025-02-13T20:26:58.317Z"}
{"level":"info","message":"Generated Token","timestamp":"2025-02-13T20:27:02.870Z"}
{"level":"info","message":"::1 - - [13/Feb/2025:20:27:02 +0000] \"POST /walkietalkie/auth/signup HTTP/1.1\" 201 331 \"-\" \"PostmanRuntime/7.39.1\"","timestamp":"2025-02-13T20:27:02.939Z"}
{"level":"info","message":"Authentification started","timestamp":"2025-02-13T20:27:13.536Z"}
{"level":"info","message":"Cannot read properties of undefined (reading 'token_key')","timestamp":"2025-02-13T20:27:13.537Z"}
{"level":"info","message":"::1 - - [13/Feb/2025:20:27:13 +0000] \"GET /walkietalkie/auth/check HTTP/1.1\" 500 87 \"-\" \"PostmanRuntime/7.39.1\"","timestamp":"2025-02-13T20:27:13.539Z"}
{"level":"info","message":"Server running on port 8000","timestamp":"2025-02-13T20:32:40.392Z"}
{"level":"info","message":"Authentification started","timestamp":"2025-02-13T20:32:54.018Z"}
{"level":"info","message":"::1 - - [13/Feb/2025:20:32:54 +0000] \"GET /walkietalkie/auth/check HTTP/1.1\" 200 251 \"-\" \"PostmanRuntime/7.39.1\"","timestamp":"2025-02-13T20:32:54.097Z"}
{"level":"info","message":"Server running on port 8000","timestamp":"2025-02-14T17:14:40.222Z"}
{"level":"info","message":"Server running on port 8000","timestamp":"2025-02-14T18:06:20.698Z"}
{"level":"info","message":"Server running on port 8000","timestamp":"2025-02-14T18:06:32.348Z"}
{"level":"info","message":"Server running on port 8000","timestamp":"2025-02-14T18:06:34.785Z"}
{"level":"info","message":"Server running on port 8000","timestamp":"2025-02-14T18:06:40.189Z"}
{"level":"info","message":"Server running on port 8000","timestamp":"2025-02-14T18:06:45.030Z"}
{"level":"info","message":"Server running on port 8000","timestamp":"2025-02-14T18:06:47.487Z"}
{"level":"info","message":"Server running on port 8000","timestamp":"2025-02-14T18:06:49.166Z"}
{"level":"info","message":"Server running on port 8000","timestamp":"2025-02-14T18:06:54.127Z"}
{"level":"info","message":"Server running on port 8000","timestamp":"2025-02-14T18:06:57.672Z"}
{"level":"info","message":"Server running on port 8000","timestamp":"2025-02-14T18:07:01.420Z"}
{"level":"info","message":"Server running on port 8000","timestamp":"2025-02-14T18:07:06.011Z"}
{"level":"info","message":"Server running on port 8000","timestamp":"2025-02-14T18:07:11.676Z"}
{"level":"info","message":"Server running on port 8000","timestamp":"2025-02-14T18:07:17.882Z"}
{"level":"info","message":"Server running on port 8000","timestamp":"2025-02-14T20:35:06.637Z"}
{"level":"info","message":"Server running on port 8000","timestamp":"2025-02-15T15:58:06.283Z"}
{"level":"info","message":"Server running on port 8000","timestamp":"2025-02-15T16:12:19.599Z"}
{"level":"info","message":"Server running on port 8000","timestamp":"2025-02-15T16:17:25.410Z"}
{"level":"info","message":"Server running on port 8000","timestamp":"2025-02-17T12:28:48.296Z"}
{"level":"info","message":"Server running on port 8000","timestamp":"2025-02-17T19:02:21.524Z"}
{"level":"info","message":"Authentification started","timestamp":"2025-02-17T19:02:31.753Z"}
{"level":"info","message":"Unathaurized, token was missing","timestamp":"2025-02-17T19:02:31.755Z"}
{"level":"info","message":"::1 - - [17/Feb/2025:19:02:31 +0000] \"GET /walkietalkie/auth/check HTTP/1.1\" 401 61 \"http://localhost:5173/\" \"Mozilla/5.0 (Windows NT 10.0; Win64; x64) AppleWebKit/537.36 (KHTML, like Gecko) Chrome/132.0.0.0 Safari/537.36\"","timestamp":"2025-02-17T19:02:31.769Z"}
{"level":"info","message":"Authentification started","timestamp":"2025-02-17T19:03:19.750Z"}
{"level":"info","message":"Unathaurized, token was missing","timestamp":"2025-02-17T19:03:19.751Z"}
{"level":"info","message":"::1 - - [17/Feb/2025:19:03:19 +0000] \"GET /walkietalkie/auth/check HTTP/1.1\" 401 61 \"http://localhost:5173/\" \"Mozilla/5.0 (Windows NT 10.0; Win64; x64) AppleWebKit/537.36 (KHTML, like Gecko) Chrome/132.0.0.0 Safari/537.36\"","timestamp":"2025-02-17T19:03:19.753Z"}
{"level":"info","message":"Authentification started","timestamp":"2025-02-17T19:03:48.255Z"}
{"level":"info","message":"Unathaurized, token was missing","timestamp":"2025-02-17T19:03:48.256Z"}
{"level":"info","message":"::1 - - [17/Feb/2025:19:03:48 +0000] \"GET /walkietalkie/auth/check HTTP/1.1\" 401 61 \"http://localhost:5173/\" \"Mozilla/5.0 (Windows NT 10.0; Win64; x64) AppleWebKit/537.36 (KHTML, like Gecko) Chrome/132.0.0.0 Safari/537.36\"","timestamp":"2025-02-17T19:03:48.257Z"}
{"level":"info","message":"Authentification started","timestamp":"2025-02-17T19:05:28.876Z"}
{"level":"info","message":"Unathaurized, token was missing","timestamp":"2025-02-17T19:05:28.876Z"}
{"level":"info","message":"::1 - - [17/Feb/2025:19:05:28 +0000] \"GET /walkietalkie/auth/check HTTP/1.1\" 401 61 \"http://localhost:5173/\" \"Mozilla/5.0 (Windows NT 10.0; Win64; x64) AppleWebKit/537.36 (KHTML, like Gecko) Chrome/132.0.0.0 Safari/537.36\"","timestamp":"2025-02-17T19:05:28.878Z"}
{"level":"info","message":"Authentification started","timestamp":"2025-02-17T19:05:35.866Z"}
{"level":"info","message":"Unathaurized, token was missing","timestamp":"2025-02-17T19:05:35.867Z"}
{"level":"info","message":"::1 - - [17/Feb/2025:19:05:35 +0000] \"GET /walkietalkie/auth/check HTTP/1.1\" 401 61 \"http://localhost:5173/\" \"Mozilla/5.0 (Windows NT 10.0; Win64; x64) AppleWebKit/537.36 (KHTML, like Gecko) Chrome/132.0.0.0 Safari/537.36\"","timestamp":"2025-02-17T19:05:35.869Z"}
{"level":"info","message":"Authentification started","timestamp":"2025-02-17T19:05:37.875Z"}
{"level":"info","message":"Unathaurized, token was missing","timestamp":"2025-02-17T19:05:37.876Z"}
{"level":"info","message":"::1 - - [17/Feb/2025:19:05:37 +0000] \"GET /walkietalkie/auth/check HTTP/1.1\" 401 61 \"http://localhost:5173/\" \"Mozilla/5.0 (Windows NT 10.0; Win64; x64) AppleWebKit/537.36 (KHTML, like Gecko) Chrome/132.0.0.0 Safari/537.36\"","timestamp":"2025-02-17T19:05:37.877Z"}
{"level":"info","message":"Authentification started","timestamp":"2025-02-17T19:05:39.866Z"}
{"level":"info","message":"Unathaurized, token was missing","timestamp":"2025-02-17T19:05:39.867Z"}
{"level":"info","message":"::1 - - [17/Feb/2025:19:05:39 +0000] \"GET /walkietalkie/auth/check HTTP/1.1\" 401 61 \"http://localhost:5173/\" \"Mozilla/5.0 (Windows NT 10.0; Win64; x64) AppleWebKit/537.36 (KHTML, like Gecko) Chrome/132.0.0.0 Safari/537.36\"","timestamp":"2025-02-17T19:05:39.869Z"}
{"level":"info","message":"Authentification started","timestamp":"2025-02-17T19:05:42.862Z"}
{"level":"info","message":"Unathaurized, token was missing","timestamp":"2025-02-17T19:05:42.863Z"}
{"level":"info","message":"::1 - - [17/Feb/2025:19:05:42 +0000] \"GET /walkietalkie/auth/check HTTP/1.1\" 401 61 \"http://localhost:5173/\" \"Mozilla/5.0 (Windows NT 10.0; Win64; x64) AppleWebKit/537.36 (KHTML, like Gecko) Chrome/132.0.0.0 Safari/537.36\"","timestamp":"2025-02-17T19:05:42.864Z"}
{"level":"info","message":"Authentification started","timestamp":"2025-02-17T19:05:47.863Z"}
{"level":"info","message":"Unathaurized, token was missing","timestamp":"2025-02-17T19:05:47.864Z"}
{"level":"info","message":"::1 - - [17/Feb/2025:19:05:47 +0000] \"GET /walkietalkie/auth/check HTTP/1.1\" 401 61 \"http://localhost:5173/\" \"Mozilla/5.0 (Windows NT 10.0; Win64; x64) AppleWebKit/537.36 (KHTML, like Gecko) Chrome/132.0.0.0 Safari/537.36\"","timestamp":"2025-02-17T19:05:47.867Z"}
{"level":"info","message":"Authentification started","timestamp":"2025-02-17T19:05:49.879Z"}
{"level":"info","message":"Unathaurized, token was missing","timestamp":"2025-02-17T19:05:49.880Z"}
{"level":"info","message":"::1 - - [17/Feb/2025:19:05:49 +0000] \"GET /walkietalkie/auth/check HTTP/1.1\" 401 61 \"http://localhost:5173/\" \"Mozilla/5.0 (Windows NT 10.0; Win64; x64) AppleWebKit/537.36 (KHTML, like Gecko) Chrome/132.0.0.0 Safari/537.36\"","timestamp":"2025-02-17T19:05:49.881Z"}
{"level":"info","message":"Authentification started","timestamp":"2025-02-17T19:05:51.866Z"}
{"level":"info","message":"Unathaurized, token was missing","timestamp":"2025-02-17T19:05:51.867Z"}
{"level":"info","message":"::1 - - [17/Feb/2025:19:05:51 +0000] \"GET /walkietalkie/auth/check HTTP/1.1\" 401 61 \"http://localhost:5173/\" \"Mozilla/5.0 (Windows NT 10.0; Win64; x64) AppleWebKit/537.36 (KHTML, like Gecko) Chrome/132.0.0.0 Safari/537.36\"","timestamp":"2025-02-17T19:05:51.868Z"}
{"level":"info","message":"Authentification started","timestamp":"2025-02-17T19:05:56.868Z"}
{"level":"info","message":"Unathaurized, token was missing","timestamp":"2025-02-17T19:05:56.869Z"}
{"level":"info","message":"::1 - - [17/Feb/2025:19:05:56 +0000] \"GET /walkietalkie/auth/check HTTP/1.1\" 401 61 \"http://localhost:5173/\" \"Mozilla/5.0 (Windows NT 10.0; Win64; x64) AppleWebKit/537.36 (KHTML, like Gecko) Chrome/132.0.0.0 Safari/537.36\"","timestamp":"2025-02-17T19:05:56.871Z"}
{"level":"info","message":"Authentification started","timestamp":"2025-02-17T19:05:58.867Z"}
{"level":"info","message":"Unathaurized, token was missing","timestamp":"2025-02-17T19:05:58.868Z"}
{"level":"info","message":"::1 - - [17/Feb/2025:19:05:58 +0000] \"GET /walkietalkie/auth/check HTTP/1.1\" 401 61 \"http://localhost:5173/\" \"Mozilla/5.0 (Windows NT 10.0; Win64; x64) AppleWebKit/537.36 (KHTML, like Gecko) Chrome/132.0.0.0 Safari/537.36\"","timestamp":"2025-02-17T19:05:58.870Z"}
{"level":"info","message":"Authentification started","timestamp":"2025-02-17T19:06:01.183Z"}
{"level":"info","message":"Unathaurized, token was missing","timestamp":"2025-02-17T19:06:01.184Z"}
{"level":"info","message":"::1 - - [17/Feb/2025:19:06:01 +0000] \"GET /walkietalkie/auth/check HTTP/1.1\" 401 61 \"http://localhost:5173/\" \"Mozilla/5.0 (Windows NT 10.0; Win64; x64) AppleWebKit/537.36 (KHTML, like Gecko) Chrome/132.0.0.0 Safari/537.36\"","timestamp":"2025-02-17T19:06:01.185Z"}
{"level":"info","message":"Authentification started","timestamp":"2025-02-17T19:06:02.660Z"}
{"level":"info","message":"Unathaurized, token was missing","timestamp":"2025-02-17T19:06:02.661Z"}
{"level":"info","message":"::1 - - [17/Feb/2025:19:06:02 +0000] \"GET /walkietalkie/auth/check HTTP/1.1\" 401 61 \"http://localhost:5173/\" \"Mozilla/5.0 (Windows NT 10.0; Win64; x64) AppleWebKit/537.36 (KHTML, like Gecko) Chrome/132.0.0.0 Safari/537.36\"","timestamp":"2025-02-17T19:06:02.662Z"}
{"level":"info","message":"Authentification started","timestamp":"2025-02-17T19:06:26.876Z"}
{"level":"info","message":"Unathaurized, token was missing","timestamp":"2025-02-17T19:06:26.876Z"}
{"level":"info","message":"::1 - - [17/Feb/2025:19:06:26 +0000] \"GET /walkietalkie/auth/check HTTP/1.1\" 401 61 \"http://localhost:5173/\" \"Mozilla/5.0 (Windows NT 10.0; Win64; x64) AppleWebKit/537.36 (KHTML, like Gecko) Chrome/132.0.0.0 Safari/537.36\"","timestamp":"2025-02-17T19:06:26.878Z"}
{"level":"info","message":"Authentification started","timestamp":"2025-02-17T19:06:27.862Z"}
{"level":"info","message":"Unathaurized, token was missing","timestamp":"2025-02-17T19:06:27.862Z"}
{"level":"info","message":"::1 - - [17/Feb/2025:19:06:27 +0000] \"GET /walkietalkie/auth/check HTTP/1.1\" 401 61 \"http://localhost:5173/\" \"Mozilla/5.0 (Windows NT 10.0; Win64; x64) AppleWebKit/537.36 (KHTML, like Gecko) Chrome/132.0.0.0 Safari/537.36\"","timestamp":"2025-02-17T19:06:27.863Z"}
{"level":"info","message":"Authentification started","timestamp":"2025-02-17T19:08:54.771Z"}
{"level":"info","message":"Unathaurized, token was missing","timestamp":"2025-02-17T19:08:54.772Z"}
{"level":"info","message":"::1 - - [17/Feb/2025:19:08:54 +0000] \"GET /walkietalkie/auth/check HTTP/1.1\" 401 61 \"http://localhost:5173/\" \"Mozilla/5.0 (Windows NT 10.0; Win64; x64) AppleWebKit/537.36 (KHTML, like Gecko) Chrome/132.0.0.0 Safari/537.36\"","timestamp":"2025-02-17T19:08:54.773Z"}
{"level":"info","message":"Authentification started","timestamp":"2025-02-17T19:08:58.877Z"}
{"level":"info","message":"Unathaurized, token was missing","timestamp":"2025-02-17T19:08:58.878Z"}
{"level":"info","message":"::1 - - [17/Feb/2025:19:08:58 +0000] \"GET /walkietalkie/auth/check HTTP/1.1\" 401 61 \"http://localhost:5173/\" \"Mozilla/5.0 (Windows NT 10.0; Win64; x64) AppleWebKit/537.36 (KHTML, like Gecko) Chrome/132.0.0.0 Safari/537.36\"","timestamp":"2025-02-17T19:08:58.880Z"}
{"level":"info","message":"Authentification started","timestamp":"2025-02-17T19:09:10.867Z"}
{"level":"info","message":"Unathaurized, token was missing","timestamp":"2025-02-17T19:09:10.868Z"}
{"level":"info","message":"::1 - - [17/Feb/2025:19:09:10 +0000] \"GET /walkietalkie/auth/check HTTP/1.1\" 401 61 \"http://localhost:5173/\" \"Mozilla/5.0 (Windows NT 10.0; Win64; x64) AppleWebKit/537.36 (KHTML, like Gecko) Chrome/132.0.0.0 Safari/537.36\"","timestamp":"2025-02-17T19:09:10.870Z"}
{"level":"info","message":"Authentification started","timestamp":"2025-02-17T19:09:11.867Z"}
{"level":"info","message":"Unathaurized, token was missing","timestamp":"2025-02-17T19:09:11.868Z"}
{"level":"info","message":"::1 - - [17/Feb/2025:19:09:11 +0000] \"GET /walkietalkie/auth/check HTTP/1.1\" 401 61 \"http://localhost:5173/\" \"Mozilla/5.0 (Windows NT 10.0; Win64; x64) AppleWebKit/537.36 (KHTML, like Gecko) Chrome/132.0.0.0 Safari/537.36\"","timestamp":"2025-02-17T19:09:11.869Z"}
{"level":"info","message":"Authentification started","timestamp":"2025-02-17T19:09:30.878Z"}
{"level":"info","message":"Unathaurized, token was missing","timestamp":"2025-02-17T19:09:30.879Z"}
{"level":"info","message":"::1 - - [17/Feb/2025:19:09:30 +0000] \"GET /walkietalkie/auth/check HTTP/1.1\" 401 61 \"http://localhost:5173/\" \"Mozilla/5.0 (Windows NT 10.0; Win64; x64) AppleWebKit/537.36 (KHTML, like Gecko) Chrome/132.0.0.0 Safari/537.36\"","timestamp":"2025-02-17T19:09:30.880Z"}
{"level":"info","message":"Authentification started","timestamp":"2025-02-17T19:09:37.972Z"}
{"level":"info","message":"Unathaurized, token was missing","timestamp":"2025-02-17T19:09:37.972Z"}
{"level":"info","message":"::1 - - [17/Feb/2025:19:09:37 +0000] \"GET /walkietalkie/auth/check HTTP/1.1\" 401 61 \"http://localhost:5173/\" \"Mozilla/5.0 (Windows NT 10.0; Win64; x64) AppleWebKit/537.36 (KHTML, like Gecko) Chrome/132.0.0.0 Safari/537.36\"","timestamp":"2025-02-17T19:09:37.973Z"}
{"level":"info","message":"Authentification started","timestamp":"2025-02-17T19:09:44.223Z"}
{"level":"info","message":"Unathaurized, token was missing","timestamp":"2025-02-17T19:09:44.223Z"}
{"level":"info","message":"::1 - - [17/Feb/2025:19:09:44 +0000] \"GET /walkietalkie/auth/check HTTP/1.1\" 401 61 \"http://localhost:5173/\" \"Mozilla/5.0 (Windows NT 10.0; Win64; x64) AppleWebKit/537.36 (KHTML, like Gecko) Chrome/132.0.0.0 Safari/537.36\"","timestamp":"2025-02-17T19:09:44.224Z"}
{"level":"info","message":"Authentification started","timestamp":"2025-02-17T19:09:56.073Z"}
{"level":"info","message":"Unathaurized, token was missing","timestamp":"2025-02-17T19:09:56.073Z"}
{"level":"info","message":"::1 - - [17/Feb/2025:19:09:56 +0000] \"GET /walkietalkie/auth/check HTTP/1.1\" 401 61 \"http://localhost:5173/\" \"Mozilla/5.0 (Windows NT 10.0; Win64; x64) AppleWebKit/537.36 (KHTML, like Gecko) Chrome/132.0.0.0 Safari/537.36\"","timestamp":"2025-02-17T19:09:56.074Z"}
{"level":"info","message":"Authentification started","timestamp":"2025-02-17T19:09:57.379Z"}
{"level":"info","message":"Unathaurized, token was missing","timestamp":"2025-02-17T19:09:57.379Z"}
{"level":"info","message":"::1 - - [17/Feb/2025:19:09:57 +0000] \"GET /walkietalkie/auth/check HTTP/1.1\" 401 61 \"http://localhost:5173/\" \"Mozilla/5.0 (Windows NT 10.0; Win64; x64) AppleWebKit/537.36 (KHTML, like Gecko) Chrome/132.0.0.0 Safari/537.36\"","timestamp":"2025-02-17T19:09:57.380Z"}
{"level":"info","message":"Authentification started","timestamp":"2025-02-17T19:09:59.070Z"}
{"level":"info","message":"Unathaurized, token was missing","timestamp":"2025-02-17T19:09:59.071Z"}
{"level":"info","message":"::1 - - [17/Feb/2025:19:09:59 +0000] \"GET /walkietalkie/auth/check HTTP/1.1\" 401 61 \"http://localhost:5173/\" \"Mozilla/5.0 (Windows NT 10.0; Win64; x64) AppleWebKit/537.36 (KHTML, like Gecko) Chrome/132.0.0.0 Safari/537.36\"","timestamp":"2025-02-17T19:09:59.073Z"}
{"level":"info","message":"Authentification started","timestamp":"2025-02-17T19:10:22.773Z"}
{"level":"info","message":"Unathaurized, token was missing","timestamp":"2025-02-17T19:10:22.773Z"}
{"level":"info","message":"::1 - - [17/Feb/2025:19:10:22 +0000] \"GET /walkietalkie/auth/check HTTP/1.1\" 401 61 \"http://localhost:5173/\" \"Mozilla/5.0 (Windows NT 10.0; Win64; x64) AppleWebKit/537.36 (KHTML, like Gecko) Chrome/132.0.0.0 Safari/537.36\"","timestamp":"2025-02-17T19:10:22.775Z"}
{"level":"info","message":"Authentification started","timestamp":"2025-02-17T19:10:23.816Z"}
{"level":"info","message":"Unathaurized, token was missing","timestamp":"2025-02-17T19:10:23.817Z"}
{"level":"info","message":"::1 - - [17/Feb/2025:19:10:23 +0000] \"GET /walkietalkie/auth/check HTTP/1.1\" 401 61 \"http://localhost:5173/\" \"Mozilla/5.0 (Windows NT 10.0; Win64; x64) AppleWebKit/537.36 (KHTML, like Gecko) Chrome/132.0.0.0 Safari/537.36\"","timestamp":"2025-02-17T19:10:23.818Z"}
{"level":"info","message":"Authentification started","timestamp":"2025-02-17T19:10:41.325Z"}
{"level":"info","message":"Unathaurized, token was missing","timestamp":"2025-02-17T19:10:41.325Z"}
{"level":"info","message":"::1 - - [17/Feb/2025:19:10:41 +0000] \"GET /walkietalkie/auth/check HTTP/1.1\" 401 61 \"http://localhost:5173/\" \"Mozilla/5.0 (Windows NT 10.0; Win64; x64) AppleWebKit/537.36 (KHTML, like Gecko) Chrome/132.0.0.0 Safari/537.36\"","timestamp":"2025-02-17T19:10:41.327Z"}
{"level":"info","message":"Authentification started","timestamp":"2025-02-17T19:10:42.453Z"}
{"level":"info","message":"Unathaurized, token was missing","timestamp":"2025-02-17T19:10:42.454Z"}
{"level":"info","message":"::1 - - [17/Feb/2025:19:10:42 +0000] \"GET /walkietalkie/auth/check HTTP/1.1\" 401 61 \"http://localhost:5173/\" \"Mozilla/5.0 (Windows NT 10.0; Win64; x64) AppleWebKit/537.36 (KHTML, like Gecko) Chrome/132.0.0.0 Safari/537.36\"","timestamp":"2025-02-17T19:10:42.457Z"}
{"level":"info","message":"Authentification started","timestamp":"2025-02-17T19:10:43.642Z"}
{"level":"info","message":"Unathaurized, token was missing","timestamp":"2025-02-17T19:10:43.643Z"}
{"level":"info","message":"::1 - - [17/Feb/2025:19:10:43 +0000] \"GET /walkietalkie/auth/check HTTP/1.1\" 401 61 \"http://localhost:5173/\" \"Mozilla/5.0 (Windows NT 10.0; Win64; x64) AppleWebKit/537.36 (KHTML, like Gecko) Chrome/132.0.0.0 Safari/537.36\"","timestamp":"2025-02-17T19:10:43.645Z"}
{"level":"info","message":"Authentification started","timestamp":"2025-02-17T19:11:22.926Z"}
{"level":"info","message":"Unathaurized, token was missing","timestamp":"2025-02-17T19:11:22.928Z"}
{"level":"info","message":"::1 - - [17/Feb/2025:19:11:22 +0000] \"GET /walkietalkie/auth/check HTTP/1.1\" 401 61 \"http://localhost:5173/\" \"Mozilla/5.0 (Windows NT 10.0; Win64; x64) AppleWebKit/537.36 (KHTML, like Gecko) Chrome/132.0.0.0 Safari/537.36\"","timestamp":"2025-02-17T19:11:22.930Z"}
{"level":"info","message":"Authentification started","timestamp":"2025-02-17T19:11:29.892Z"}
{"level":"info","message":"Unathaurized, token was missing","timestamp":"2025-02-17T19:11:29.893Z"}
{"level":"info","message":"::1 - - [17/Feb/2025:19:11:29 +0000] \"GET /walkietalkie/auth/check HTTP/1.1\" 401 61 \"http://localhost:5173/\" \"Mozilla/5.0 (Windows NT 10.0; Win64; x64) AppleWebKit/537.36 (KHTML, like Gecko) Chrome/132.0.0.0 Safari/537.36\"","timestamp":"2025-02-17T19:11:29.895Z"}
{"level":"info","message":"Authentification started","timestamp":"2025-02-17T19:11:34.862Z"}
{"level":"info","message":"Unathaurized, token was missing","timestamp":"2025-02-17T19:11:34.862Z"}
{"level":"info","message":"::1 - - [17/Feb/2025:19:11:34 +0000] \"GET /walkietalkie/auth/check HTTP/1.1\" 401 61 \"http://localhost:5173/\" \"Mozilla/5.0 (Windows NT 10.0; Win64; x64) AppleWebKit/537.36 (KHTML, like Gecko) Chrome/132.0.0.0 Safari/537.36\"","timestamp":"2025-02-17T19:11:34.863Z"}
{"level":"info","message":"Authentification started","timestamp":"2025-02-17T19:11:37.904Z"}
{"level":"info","message":"Unathaurized, token was missing","timestamp":"2025-02-17T19:11:37.906Z"}
{"level":"info","message":"::1 - - [17/Feb/2025:19:11:37 +0000] \"GET /walkietalkie/auth/check HTTP/1.1\" 401 61 \"http://localhost:5173/\" \"Mozilla/5.0 (Windows NT 10.0; Win64; x64) AppleWebKit/537.36 (KHTML, like Gecko) Chrome/132.0.0.0 Safari/537.36\"","timestamp":"2025-02-17T19:11:37.908Z"}
{"level":"info","message":"Authentification started","timestamp":"2025-02-17T19:11:38.835Z"}
{"level":"info","message":"Unathaurized, token was missing","timestamp":"2025-02-17T19:11:38.836Z"}
{"level":"info","message":"::1 - - [17/Feb/2025:19:11:38 +0000] \"GET /walkietalkie/auth/check HTTP/1.1\" 401 61 \"http://localhost:5173/\" \"Mozilla/5.0 (Windows NT 10.0; Win64; x64) AppleWebKit/537.36 (KHTML, like Gecko) Chrome/132.0.0.0 Safari/537.36\"","timestamp":"2025-02-17T19:11:38.837Z"}
{"level":"info","message":"Authentification started","timestamp":"2025-02-17T19:11:44.798Z"}
{"level":"info","message":"Unathaurized, token was missing","timestamp":"2025-02-17T19:11:44.799Z"}
{"level":"info","message":"::1 - - [17/Feb/2025:19:11:44 +0000] \"GET /walkietalkie/auth/check HTTP/1.1\" 401 61 \"http://localhost:5173/\" \"Mozilla/5.0 (Windows NT 10.0; Win64; x64) AppleWebKit/537.36 (KHTML, like Gecko) Chrome/132.0.0.0 Safari/537.36\"","timestamp":"2025-02-17T19:11:44.800Z"}
{"level":"info","message":"Authentification started","timestamp":"2025-02-17T19:11:59.981Z"}
{"level":"info","message":"Unathaurized, token was missing","timestamp":"2025-02-17T19:11:59.981Z"}
{"level":"info","message":"::1 - - [17/Feb/2025:19:11:59 +0000] \"GET /walkietalkie/auth/check HTTP/1.1\" 401 61 \"http://localhost:5173/\" \"Mozilla/5.0 (Windows NT 10.0; Win64; x64) AppleWebKit/537.36 (KHTML, like Gecko) Chrome/132.0.0.0 Safari/537.36\"","timestamp":"2025-02-17T19:11:59.982Z"}
{"level":"info","message":"Authentification started","timestamp":"2025-02-17T19:12:01.363Z"}
{"level":"info","message":"Unathaurized, token was missing","timestamp":"2025-02-17T19:12:01.364Z"}
{"level":"info","message":"::1 - - [17/Feb/2025:19:12:01 +0000] \"GET /walkietalkie/auth/check HTTP/1.1\" 401 61 \"http://localhost:5173/\" \"Mozilla/5.0 (Windows NT 10.0; Win64; x64) AppleWebKit/537.36 (KHTML, like Gecko) Chrome/132.0.0.0 Safari/537.36\"","timestamp":"2025-02-17T19:12:01.366Z"}
{"level":"info","message":"Authentification started","timestamp":"2025-02-17T19:12:09.486Z"}
{"level":"info","message":"Unathaurized, token was missing","timestamp":"2025-02-17T19:12:09.487Z"}
{"level":"info","message":"::1 - - [17/Feb/2025:19:12:09 +0000] \"GET /walkietalkie/auth/check HTTP/1.1\" 401 61 \"http://localhost:5173/\" \"Mozilla/5.0 (Windows NT 10.0; Win64; x64) AppleWebKit/537.36 (KHTML, like Gecko) Chrome/132.0.0.0 Safari/537.36\"","timestamp":"2025-02-17T19:12:09.488Z"}
{"level":"info","message":"Authentification started","timestamp":"2025-02-17T19:12:10.113Z"}
{"level":"info","message":"Unathaurized, token was missing","timestamp":"2025-02-17T19:12:10.114Z"}
{"level":"info","message":"::1 - - [17/Feb/2025:19:12:10 +0000] \"GET /walkietalkie/auth/check HTTP/1.1\" 401 61 \"http://localhost:5173/\" \"Mozilla/5.0 (Windows NT 10.0; Win64; x64) AppleWebKit/537.36 (KHTML, like Gecko) Chrome/132.0.0.0 Safari/537.36\"","timestamp":"2025-02-17T19:12:10.116Z"}
{"level":"info","message":"Authentification started","timestamp":"2025-02-17T19:12:10.878Z"}
{"level":"info","message":"Unathaurized, token was missing","timestamp":"2025-02-17T19:12:10.879Z"}
{"level":"info","message":"::1 - - [17/Feb/2025:19:12:10 +0000] \"GET /walkietalkie/auth/check HTTP/1.1\" 401 61 \"http://localhost:5173/\" \"Mozilla/5.0 (Windows NT 10.0; Win64; x64) AppleWebKit/537.36 (KHTML, like Gecko) Chrome/132.0.0.0 Safari/537.36\"","timestamp":"2025-02-17T19:12:10.881Z"}
{"level":"info","message":"Authentification started","timestamp":"2025-02-17T19:12:25.387Z"}
{"level":"info","message":"Unathaurized, token was missing","timestamp":"2025-02-17T19:12:25.388Z"}
{"level":"info","message":"::1 - - [17/Feb/2025:19:12:25 +0000] \"GET /walkietalkie/auth/check HTTP/1.1\" 401 61 \"http://localhost:5173/\" \"Mozilla/5.0 (Windows NT 10.0; Win64; x64) AppleWebKit/537.36 (KHTML, like Gecko) Chrome/132.0.0.0 Safari/537.36\"","timestamp":"2025-02-17T19:12:25.388Z"}
{"level":"info","message":"Authentification started","timestamp":"2025-02-17T19:12:26.677Z"}
{"level":"info","message":"Unathaurized, token was missing","timestamp":"2025-02-17T19:12:26.678Z"}
{"level":"info","message":"::1 - - [17/Feb/2025:19:12:26 +0000] \"GET /walkietalkie/auth/check HTTP/1.1\" 401 61 \"http://localhost:5173/\" \"Mozilla/5.0 (Windows NT 10.0; Win64; x64) AppleWebKit/537.36 (KHTML, like Gecko) Chrome/132.0.0.0 Safari/537.36\"","timestamp":"2025-02-17T19:12:26.680Z"}
{"level":"info","message":"Authentification started","timestamp":"2025-02-17T19:12:27.397Z"}
{"level":"info","message":"Unathaurized, token was missing","timestamp":"2025-02-17T19:12:27.397Z"}
{"level":"info","message":"::1 - - [17/Feb/2025:19:12:27 +0000] \"GET /walkietalkie/auth/check HTTP/1.1\" 401 61 \"http://localhost:5173/\" \"Mozilla/5.0 (Windows NT 10.0; Win64; x64) AppleWebKit/537.36 (KHTML, like Gecko) Chrome/132.0.0.0 Safari/537.36\"","timestamp":"2025-02-17T19:12:27.398Z"}
{"level":"info","message":"Authentification started","timestamp":"2025-02-17T19:12:30.903Z"}
{"level":"info","message":"Unathaurized, token was missing","timestamp":"2025-02-17T19:12:30.904Z"}
{"level":"info","message":"::1 - - [17/Feb/2025:19:12:30 +0000] \"GET /walkietalkie/auth/check HTTP/1.1\" 401 61 \"http://localhost:5173/\" \"Mozilla/5.0 (Windows NT 10.0; Win64; x64) AppleWebKit/537.36 (KHTML, like Gecko) Chrome/132.0.0.0 Safari/537.36\"","timestamp":"2025-02-17T19:12:30.905Z"}
{"level":"info","message":"Authentification started","timestamp":"2025-02-17T19:13:19.873Z"}
{"level":"info","message":"Unathaurized, token was missing","timestamp":"2025-02-17T19:13:19.874Z"}
{"level":"info","message":"::1 - - [17/Feb/2025:19:13:19 +0000] \"GET /walkietalkie/auth/check HTTP/1.1\" 401 61 \"http://localhost:5173/\" \"Mozilla/5.0 (Windows NT 10.0; Win64; x64) AppleWebKit/537.36 (KHTML, like Gecko) Chrome/132.0.0.0 Safari/537.36\"","timestamp":"2025-02-17T19:13:19.875Z"}
{"level":"info","message":"Authentification started","timestamp":"2025-02-17T19:13:23.869Z"}
{"level":"info","message":"Unathaurized, token was missing","timestamp":"2025-02-17T19:13:23.870Z"}
{"level":"info","message":"::1 - - [17/Feb/2025:19:13:23 +0000] \"GET /walkietalkie/auth/check HTTP/1.1\" 401 61 \"http://localhost:5173/\" \"Mozilla/5.0 (Windows NT 10.0; Win64; x64) AppleWebKit/537.36 (KHTML, like Gecko) Chrome/132.0.0.0 Safari/537.36\"","timestamp":"2025-02-17T19:13:23.872Z"}
{"level":"info","message":"Authentification started","timestamp":"2025-02-17T19:13:59.872Z"}
{"level":"info","message":"Unathaurized, token was missing","timestamp":"2025-02-17T19:13:59.873Z"}
{"level":"info","message":"::1 - - [17/Feb/2025:19:13:59 +0000] \"GET /walkietalkie/auth/check HTTP/1.1\" 401 61 \"http://localhost:5173/\" \"Mozilla/5.0 (Windows NT 10.0; Win64; x64) AppleWebKit/537.36 (KHTML, like Gecko) Chrome/132.0.0.0 Safari/537.36\"","timestamp":"2025-02-17T19:13:59.874Z"}
{"level":"info","message":"Authentification started","timestamp":"2025-02-17T19:14:10.868Z"}
{"level":"info","message":"Unathaurized, token was missing","timestamp":"2025-02-17T19:14:10.869Z"}
{"level":"info","message":"::1 - - [17/Feb/2025:19:14:10 +0000] \"GET /walkietalkie/auth/check HTTP/1.1\" 401 61 \"http://localhost:5173/\" \"Mozilla/5.0 (Windows NT 10.0; Win64; x64) AppleWebKit/537.36 (KHTML, like Gecko) Chrome/132.0.0.0 Safari/537.36\"","timestamp":"2025-02-17T19:14:10.870Z"}
{"level":"info","message":"Authentification started","timestamp":"2025-02-17T19:14:17.342Z"}
{"level":"info","message":"Unathaurized, token was missing","timestamp":"2025-02-17T19:14:17.343Z"}
{"level":"info","message":"::1 - - [17/Feb/2025:19:14:17 +0000] \"GET /walkietalkie/auth/check HTTP/1.1\" 401 61 \"http://localhost:5173/\" \"Mozilla/5.0 (Windows NT 10.0; Win64; x64) AppleWebKit/537.36 (KHTML, like Gecko) Chrome/132.0.0.0 Safari/537.36\"","timestamp":"2025-02-17T19:14:17.345Z"}
{"level":"info","message":"Authentification started","timestamp":"2025-02-17T19:15:30.869Z"}
{"level":"info","message":"Unathaurized, token was missing","timestamp":"2025-02-17T19:15:30.869Z"}
{"level":"info","message":"::1 - - [17/Feb/2025:19:15:30 +0000] \"GET /walkietalkie/auth/check HTTP/1.1\" 401 61 \"http://localhost:5173/\" \"Mozilla/5.0 (Windows NT 10.0; Win64; x64) AppleWebKit/537.36 (KHTML, like Gecko) Chrome/132.0.0.0 Safari/537.36\"","timestamp":"2025-02-17T19:15:30.871Z"}
{"level":"info","message":"Authentification started","timestamp":"2025-02-17T19:15:35.861Z"}
{"level":"info","message":"Unathaurized, token was missing","timestamp":"2025-02-17T19:15:35.862Z"}
{"level":"info","message":"::1 - - [17/Feb/2025:19:15:35 +0000] \"GET /walkietalkie/auth/check HTTP/1.1\" 401 61 \"http://localhost:5173/\" \"Mozilla/5.0 (Windows NT 10.0; Win64; x64) AppleWebKit/537.36 (KHTML, like Gecko) Chrome/132.0.0.0 Safari/537.36\"","timestamp":"2025-02-17T19:15:35.863Z"}
{"level":"info","message":"Authentification started","timestamp":"2025-02-17T19:15:40.863Z"}
{"level":"info","message":"Unathaurized, token was missing","timestamp":"2025-02-17T19:15:40.864Z"}
{"level":"info","message":"::1 - - [17/Feb/2025:19:15:40 +0000] \"GET /walkietalkie/auth/check HTTP/1.1\" 401 61 \"http://localhost:5173/\" \"Mozilla/5.0 (Windows NT 10.0; Win64; x64) AppleWebKit/537.36 (KHTML, like Gecko) Chrome/132.0.0.0 Safari/537.36\"","timestamp":"2025-02-17T19:15:40.865Z"}
{"level":"info","message":"Authentification started","timestamp":"2025-02-17T19:15:44.909Z"}
{"level":"info","message":"Unathaurized, token was missing","timestamp":"2025-02-17T19:15:44.910Z"}
{"level":"info","message":"::1 - - [17/Feb/2025:19:15:44 +0000] \"GET /walkietalkie/auth/check HTTP/1.1\" 401 61 \"http://localhost:5173/\" \"Mozilla/5.0 (Windows NT 10.0; Win64; x64) AppleWebKit/537.36 (KHTML, like Gecko) Chrome/132.0.0.0 Safari/537.36\"","timestamp":"2025-02-17T19:15:44.912Z"}
{"level":"info","message":"Authentification started","timestamp":"2025-02-17T19:20:31.882Z"}
{"level":"info","message":"Unathaurized, token was missing","timestamp":"2025-02-17T19:20:31.882Z"}
{"level":"info","message":"::1 - - [17/Feb/2025:19:20:31 +0000] \"GET /walkietalkie/auth/check HTTP/1.1\" 401 61 \"http://localhost:5173/\" \"Mozilla/5.0 (Windows NT 10.0; Win64; x64) AppleWebKit/537.36 (KHTML, like Gecko) Chrome/132.0.0.0 Safari/537.36\"","timestamp":"2025-02-17T19:20:31.883Z"}
{"level":"info","message":"Authentification started","timestamp":"2025-02-17T19:20:33.878Z"}
{"level":"info","message":"Unathaurized, token was missing","timestamp":"2025-02-17T19:20:33.879Z"}
{"level":"info","message":"::1 - - [17/Feb/2025:19:20:33 +0000] \"GET /walkietalkie/auth/check HTTP/1.1\" 401 61 \"http://localhost:5173/\" \"Mozilla/5.0 (Windows NT 10.0; Win64; x64) AppleWebKit/537.36 (KHTML, like Gecko) Chrome/132.0.0.0 Safari/537.36\"","timestamp":"2025-02-17T19:20:33.880Z"}
{"level":"info","message":"Authentification started","timestamp":"2025-02-17T19:20:34.859Z"}
{"level":"info","message":"Unathaurized, token was missing","timestamp":"2025-02-17T19:20:34.860Z"}
{"level":"info","message":"::1 - - [17/Feb/2025:19:20:34 +0000] \"GET /walkietalkie/auth/check HTTP/1.1\" 401 61 \"http://localhost:5173/\" \"Mozilla/5.0 (Windows NT 10.0; Win64; x64) AppleWebKit/537.36 (KHTML, like Gecko) Chrome/132.0.0.0 Safari/537.36\"","timestamp":"2025-02-17T19:20:34.860Z"}
{"level":"info","message":"Authentification started","timestamp":"2025-02-17T19:24:17.947Z"}
{"level":"info","message":"Unathaurized, token was missing","timestamp":"2025-02-17T19:24:17.948Z"}
{"level":"info","message":"::1 - - [17/Feb/2025:19:24:17 +0000] \"GET /walkietalkie/auth/check HTTP/1.1\" 401 61 \"http://localhost:5173/\" \"Mozilla/5.0 (Windows NT 10.0; Win64; x64) AppleWebKit/537.36 (KHTML, like Gecko) Chrome/132.0.0.0 Safari/537.36\"","timestamp":"2025-02-17T19:24:17.949Z"}
{"level":"info","message":"Authentification started","timestamp":"2025-02-17T19:24:28.755Z"}
{"level":"info","message":"Unathaurized, token was missing","timestamp":"2025-02-17T19:24:28.755Z"}
{"level":"info","message":"::1 - - [17/Feb/2025:19:24:28 +0000] \"GET /walkietalkie/auth/check HTTP/1.1\" 401 61 \"http://localhost:5173/\" \"Mozilla/5.0 (Windows NT 10.0; Win64; x64) AppleWebKit/537.36 (KHTML, like Gecko) Chrome/132.0.0.0 Safari/537.36\"","timestamp":"2025-02-17T19:24:28.756Z"}
{"level":"info","message":"Authentification started","timestamp":"2025-02-17T19:34:04.186Z"}
{"level":"info","message":"Unathaurized, token was missing","timestamp":"2025-02-17T19:34:04.187Z"}
{"level":"info","message":"::1 - - [17/Feb/2025:19:34:04 +0000] \"GET /walkietalkie/auth/check HTTP/1.1\" 401 61 \"http://localhost:5173/\" \"Mozilla/5.0 (Windows NT 10.0; Win64; x64) AppleWebKit/537.36 (KHTML, like Gecko) Chrome/132.0.0.0 Safari/537.36\"","timestamp":"2025-02-17T19:34:04.189Z"}
{"level":"info","message":"Authentification started","timestamp":"2025-02-17T22:20:26.196Z"}
{"level":"info","message":"Unathaurized, token was missing","timestamp":"2025-02-17T22:20:26.197Z"}
{"level":"info","message":"::1 - - [17/Feb/2025:22:20:26 +0000] \"GET /walkietalkie/auth/check HTTP/1.1\" 401 61 \"http://localhost:5173/\" \"Mozilla/5.0 (Windows NT 10.0; Win64; x64) AppleWebKit/537.36 (KHTML, like Gecko) Chrome/132.0.0.0 Safari/537.36\"","timestamp":"2025-02-17T22:20:26.198Z"}
